<?xml version="1.0" encoding="UTF-8"?>
<coverage generated="1762174156176" clover="3.2.0">
  <project timestamp="1762174156176" name="All files">
    <metrics statements="512" coveredstatements="351" conditionals="295" coveredconditionals="134" methods="209" coveredmethods="116" elements="1016" coveredelements="601" complexity="0" loc="512" ncloc="512" packages="17" files="21" classes="21"/>
    <package name="app">
      <metrics statements="21" coveredstatements="0" conditionals="10" coveredconditionals="0" methods="8" coveredmethods="0"/>
      <file name="layout.tsx" path="C:\Users\gabri\Desktop\PORTIFOLIO\appoitment-system\app\layout.tsx">
        <metrics statements="7" coveredstatements="0" conditionals="0" coveredconditionals="0" methods="1" coveredmethods="0"/>
        <line num="2" count="0" type="stmt"/>
        <line num="3" count="0" type="stmt"/>
        <line num="4" count="0" type="stmt"/>
        <line num="6" count="0" type="stmt"/>
        <line num="8" count="0" type="stmt"/>
        <line num="19" count="0" type="stmt"/>
        <line num="26" count="0" type="stmt"/>
      </file>
      <file name="providers.tsx" path="C:\Users\gabri\Desktop\PORTIFOLIO\appoitment-system\app\providers.tsx">
        <metrics statements="14" coveredstatements="0" conditionals="10" coveredconditionals="0" methods="7" coveredmethods="0"/>
        <line num="3" count="0" type="stmt"/>
        <line num="4" count="0" type="stmt"/>
        <line num="5" count="0" type="stmt"/>
        <line num="7" count="0" type="stmt"/>
        <line num="8" count="0" type="stmt"/>
        <line num="17" count="0" type="stmt"/>
        <line num="19" count="0" type="cond" truecount="0" falsecount="4"/>
        <line num="20" count="0" type="stmt"/>
        <line num="23" count="0" type="stmt"/>
        <line num="26" count="0" type="stmt"/>
        <line num="31" count="0" type="cond" truecount="0" falsecount="4"/>
        <line num="34" count="0" type="stmt"/>
        <line num="35" count="0" type="cond" truecount="0" falsecount="2"/>
        <line num="36" count="0" type="stmt"/>
      </file>
    </package>
    <package name="app.[locale]">
      <metrics statements="64" coveredstatements="51" conditionals="17" coveredconditionals="12" methods="28" coveredmethods="25"/>
      <file name="layout.tsx" path="C:\Users\gabri\Desktop\PORTIFOLIO\appoitment-system\app\[locale]\layout.tsx">
        <metrics statements="13" coveredstatements="0" conditionals="2" coveredconditionals="0" methods="3" coveredmethods="0"/>
        <line num="1" count="0" type="stmt"/>
        <line num="2" count="0" type="stmt"/>
        <line num="3" count="0" type="stmt"/>
        <line num="4" count="0" type="stmt"/>
        <line num="6" count="0" type="stmt"/>
        <line num="7" count="0" type="stmt"/>
        <line num="14" count="0" type="stmt"/>
        <line num="15" count="0" type="stmt"/>
        <line num="18" count="0" type="stmt"/>
        <line num="22" count="0" type="stmt"/>
        <line num="25" count="0" type="cond" truecount="0" falsecount="2"/>
        <line num="26" count="0" type="stmt"/>
        <line num="30" count="0" type="stmt"/>
      </file>
      <file name="page.tsx" path="C:\Users\gabri\Desktop\PORTIFOLIO\appoitment-system\app\[locale]\page.tsx">
        <metrics statements="51" coveredstatements="51" conditionals="15" coveredconditionals="12" methods="25" coveredmethods="25"/>
        <line num="3" count="1" type="stmt"/>
        <line num="4" count="1" type="stmt"/>
        <line num="13" count="1" type="stmt"/>
        <line num="14" count="1" type="stmt"/>
        <line num="16" count="3" type="stmt"/>
        <line num="17" count="6" type="stmt"/>
        <line num="26" count="6" type="stmt"/>
        <line num="27" count="6" type="stmt"/>
        <line num="29" count="6" type="stmt"/>
        <line num="30" count="3" type="stmt"/>
        <line num="31" count="3" type="stmt"/>
        <line num="33" count="3" type="stmt"/>
        <line num="34" count="3" type="stmt"/>
        <line num="37" count="3" type="stmt"/>
        <line num="38" count="4302" type="stmt"/>
        <line num="39" count="4302" type="cond" truecount="2" falsecount="0"/>
        <line num="43" count="153" type="stmt"/>
        <line num="44" count="153" type="stmt"/>
        <line num="45" count="153" type="stmt"/>
        <line num="46" count="3" type="stmt"/>
        <line num="47" count="153" type="stmt"/>
        <line num="48" count="117" type="stmt"/>
        <line num="50" count="3" type="stmt"/>
        <line num="56" count="6" type="stmt"/>
        <line num="60" count="3" type="stmt"/>
        <line num="61" count="153" type="stmt"/>
        <line num="63" count="7200" type="stmt"/>
        <line num="64" count="861" type="stmt"/>
        <line num="66" count="651" type="stmt"/>
        <line num="68" count="3" type="stmt"/>
        <line num="71" count="3" type="stmt"/>
        <line num="72" count="3" type="stmt"/>
        <line num="73" count="3" type="stmt"/>
        <line num="74" count="3" type="stmt"/>
        <line num="76" count="3" type="stmt"/>
        <line num="78" count="4302" type="stmt"/>
        <line num="79" count="4302" type="cond" truecount="3" falsecount="0"/>
        <line num="81" count="213" type="stmt"/>
        <line num="83" count="10095" type="stmt"/>
        <line num="84" count="1182" type="stmt"/>
        <line num="86" count="210" type="stmt"/>
        <line num="89" count="3" type="stmt"/>
        <line num="92" count="6" type="stmt"/>
        <line num="93" count="153" type="stmt"/>
        <line num="101" count="153" type="cond" truecount="1" falsecount="1"/>
        <line num="203" count="153" type="stmt"/>
        <line num="247" count="12" type="cond" truecount="1" falsecount="1"/>
        <line num="254" count="12" type="stmt"/>
        <line num="256" count="12" type="stmt"/>
        <line num="294" count="15" type="stmt"/>
        <line num="326" count="30" type="stmt"/>
      </file>
    </package>
    <package name="app.[locale].appointments">
      <metrics statements="49" coveredstatements="37" conditionals="25" coveredconditionals="15" methods="20" coveredmethods="12"/>
      <file name="page.tsx" path="C:\Users\gabri\Desktop\PORTIFOLIO\appoitment-system\app\[locale]\appointments\page.tsx">
        <metrics statements="49" coveredstatements="37" conditionals="25" coveredconditionals="15" methods="20" coveredmethods="12"/>
        <line num="3" count="1" type="stmt"/>
        <line num="4" count="1" type="stmt"/>
        <line num="5" count="1" type="stmt"/>
        <line num="6" count="1" type="stmt"/>
        <line num="8" count="3" type="stmt"/>
        <line num="9" count="9" type="stmt"/>
        <line num="10" count="9" type="stmt"/>
        <line num="11" count="9" type="stmt"/>
        <line num="12" count="9" type="stmt"/>
        <line num="13" count="9" type="stmt"/>
        <line num="15" count="9" type="stmt"/>
        <line num="17" count="4479" type="stmt"/>
        <line num="19" count="227238" type="stmt"/>
        <line num="20" count="24975" type="stmt"/>
        <line num="23" count="3" type="stmt"/>
        <line num="24" count="3" type="stmt"/>
        <line num="27" count="9" type="stmt"/>
        <line num="28" count="6" type="stmt"/>
        <line num="31" count="6" type="cond" truecount="1" falsecount="1"/>
        <line num="32" count="0" type="stmt"/>
        <line num="34" count="0" type="cond" truecount="0" falsecount="3"/>
        <line num="41" count="6" type="cond" truecount="1" falsecount="1"/>
        <line num="42" count="0" type="stmt"/>
        <line num="46" count="6" type="stmt"/>
        <line num="47" count="6" type="stmt"/>
        <line num="49" count="6" type="cond" truecount="1" falsecount="1"/>
        <line num="50" count="0" type="stmt"/>
        <line num="51" count="0" type="stmt"/>
        <line num="52" count="0" type="stmt"/>
        <line num="53" count="0" type="stmt"/>
        <line num="55" count="6" type="cond" truecount="1" falsecount="1"/>
        <line num="56" count="0" type="stmt"/>
        <line num="57" count="6" type="cond" truecount="1" falsecount="1"/>
        <line num="58" count="0" type="stmt"/>
        <line num="62" count="6" type="stmt"/>
        <line num="63" count="21354" type="stmt"/>
        <line num="64" count="21354" type="cond" truecount="2" falsecount="0"/>
        <line num="65" count="12444" type="stmt"/>
        <line num="68" count="6" type="stmt"/>
        <line num="71" count="9" type="stmt"/>
        <line num="72" count="4479" type="stmt"/>
        <line num="80" count="4479" type="cond" truecount="1" falsecount="1"/>
        <line num="109" count="0" type="stmt"/>
        <line num="122" count="0" type="stmt"/>
        <line num="141" count="0" type="stmt"/>
        <line num="169" count="4479" type="stmt"/>
        <line num="175" count="4479" type="stmt"/>
        <line num="181" count="4479" type="stmt"/>
        <line num="196" count="4479" type="stmt"/>
      </file>
    </package>
    <package name="app.[locale].appointments.new">
      <metrics statements="51" coveredstatements="0" conditionals="52" coveredconditionals="0" methods="24" coveredmethods="0"/>
      <file name="page.tsx" path="C:\Users\gabri\Desktop\PORTIFOLIO\appoitment-system\app\[locale]\appointments\new\page.tsx">
        <metrics statements="51" coveredstatements="0" conditionals="52" coveredconditionals="0" methods="24" coveredmethods="0"/>
        <line num="3" count="0" type="stmt"/>
        <line num="4" count="0" type="stmt"/>
        <line num="5" count="0" type="stmt"/>
        <line num="7" count="0" type="stmt"/>
        <line num="9" count="0" type="stmt"/>
        <line num="21" count="0" type="stmt"/>
        <line num="28" count="0" type="stmt"/>
        <line num="34" count="0" type="stmt"/>
        <line num="35" count="0" type="stmt"/>
        <line num="36" count="0" type="stmt"/>
        <line num="46" count="0" type="stmt"/>
        <line num="54" count="0" type="cond" truecount="0" falsecount="2"/>
        <line num="55" count="0" type="stmt"/>
        <line num="58" count="0" type="stmt"/>
        <line num="59" count="0" type="stmt"/>
        <line num="61" count="0" type="stmt"/>
        <line num="62" count="0" type="cond" truecount="0" falsecount="2"/>
        <line num="65" count="0" type="stmt"/>
        <line num="66" count="0" type="cond" truecount="0" falsecount="2"/>
        <line num="69" count="0" type="stmt"/>
        <line num="70" count="0" type="stmt"/>
        <line num="71" count="0" type="stmt"/>
        <line num="72" count="0" type="stmt"/>
        <line num="75" count="0" type="stmt"/>
        <line num="76" count="0" type="stmt"/>
        <line num="77" count="0" type="stmt"/>
        <line num="78" count="0" type="stmt"/>
        <line num="79" count="0" type="stmt"/>
        <line num="80" count="0" type="stmt"/>
        <line num="81" count="0" type="stmt"/>
        <line num="83" count="0" type="stmt"/>
        <line num="100" count="0" type="stmt"/>
        <line num="101" count="0" type="stmt"/>
        <line num="102" count="0" type="stmt"/>
        <line num="104" count="0" type="stmt"/>
        <line num="148" count="0" type="stmt"/>
        <line num="150" count="0" type="stmt"/>
        <line num="159" count="0" type="stmt"/>
        <line num="178" count="0" type="stmt"/>
        <line num="180" count="0" type="stmt"/>
        <line num="230" count="0" type="stmt"/>
        <line num="232" count="0" type="stmt"/>
        <line num="253" count="0" type="stmt"/>
        <line num="254" count="0" type="stmt"/>
        <line num="257" count="0" type="stmt"/>
        <line num="285" count="0" type="stmt"/>
        <line num="287" count="0" type="stmt"/>
        <line num="318" count="0" type="stmt"/>
        <line num="320" count="0" type="stmt"/>
        <line num="385" count="0" type="stmt"/>
        <line num="402" count="0" type="stmt"/>
      </file>
    </package>
    <package name="app.[locale].calendar">
      <metrics statements="67" coveredstatements="46" conditionals="41" coveredconditionals="22" methods="23" coveredmethods="12"/>
      <file name="page.tsx" path="C:\Users\gabri\Desktop\PORTIFOLIO\appoitment-system\app\[locale]\calendar\page.tsx">
        <metrics statements="67" coveredstatements="46" conditionals="41" coveredconditionals="22" methods="23" coveredmethods="12"/>
        <line num="3" count="1" type="stmt"/>
        <line num="4" count="1" type="stmt"/>
        <line num="5" count="1" type="stmt"/>
        <line num="6" count="1" type="stmt"/>
        <line num="10" count="4" type="stmt"/>
        <line num="11" count="8" type="stmt"/>
        <line num="12" count="8" type="stmt"/>
        <line num="13" count="8" type="stmt"/>
        <line num="14" count="8" type="stmt"/>
        <line num="16" count="8" type="stmt"/>
        <line num="17" count="5780" type="stmt"/>
        <line num="19" count="294716" type="stmt"/>
        <line num="20" count="31752" type="stmt"/>
        <line num="22" count="4" type="stmt"/>
        <line num="25" count="8" type="stmt"/>
        <line num="26" count="8" type="stmt"/>
        <line num="27" count="8" type="stmt"/>
        <line num="28" count="8" type="stmt"/>
        <line num="29" count="8" type="stmt"/>
        <line num="30" count="8" type="stmt"/>
        <line num="31" count="8" type="stmt"/>
        <line num="33" count="8" type="stmt"/>
        <line num="36" count="8" type="stmt"/>
        <line num="37" count="48" type="stmt"/>
        <line num="38" count="48" type="stmt"/>
        <line num="42" count="8" type="stmt"/>
        <line num="43" count="240" type="stmt"/>
        <line num="47" count="8" type="stmt"/>
        <line num="48" count="8" type="stmt"/>
        <line num="49" count="48" type="stmt"/>
        <line num="52" count="8" type="stmt"/>
        <line num="55" count="8" type="stmt"/>
        <line num="56" count="336" type="stmt"/>
        <line num="57" count="242760" type="stmt"/>
        <line num="58" count="242760" type="stmt"/>
        <line num="66" count="8" type="stmt"/>
        <line num="67" count="0" type="cond" truecount="0" falsecount="2"/>
        <line num="68" count="0" type="stmt"/>
        <line num="69" count="0" type="cond" truecount="0" falsecount="2"/>
        <line num="70" count="0" type="stmt"/>
        <line num="72" count="0" type="stmt"/>
        <line num="76" count="8" type="stmt"/>
        <line num="77" count="0" type="cond" truecount="0" falsecount="2"/>
        <line num="78" count="0" type="stmt"/>
        <line num="79" count="0" type="cond" truecount="0" falsecount="2"/>
        <line num="80" count="0" type="stmt"/>
        <line num="82" count="0" type="stmt"/>
        <line num="86" count="8" type="stmt"/>
        <line num="87" count="0" type="stmt"/>
        <line num="90" count="8" type="stmt"/>
        <line num="92" count="8" type="stmt"/>
        <line num="136" count="0" type="stmt"/>
        <line num="146" count="0" type="stmt"/>
        <line num="156" count="0" type="stmt"/>
        <line num="176" count="56" type="stmt"/>
        <line num="185" count="336" type="stmt"/>
        <line num="187" count="336" type="cond" truecount="3" falsecount="0"/>
        <line num="191" count="336" type="stmt"/>
        <line num="197" count="0" type="stmt"/>
        <line num="220" count="468" type="stmt"/>
        <line num="261" count="0" type="stmt"/>
        <line num="262" count="0" type="stmt"/>
        <line num="263" count="0" type="stmt"/>
        <line num="264" count="0" type="stmt"/>
        <line num="267" count="0" type="stmt"/>
        <line num="274" count="0" type="stmt"/>
        <line num="334" count="80" type="stmt"/>
      </file>
    </package>
    <package name="app.[locale].financial">
      <metrics statements="9" coveredstatements="0" conditionals="6" coveredconditionals="0" methods="9" coveredmethods="0"/>
      <file name="page.tsx" path="C:\Users\gabri\Desktop\PORTIFOLIO\appoitment-system\app\[locale]\financial\page.tsx">
        <metrics statements="9" coveredstatements="0" conditionals="6" coveredconditionals="0" methods="9" coveredmethods="0"/>
        <line num="3" count="0" type="stmt"/>
        <line num="4" count="0" type="stmt"/>
        <line num="6" count="0" type="stmt"/>
        <line num="7" count="0" type="stmt"/>
        <line num="8" count="0" type="cond" truecount="0" falsecount="2"/>
        <line num="94" count="0" type="stmt"/>
        <line num="121" count="0" type="stmt"/>
        <line num="159" count="0" type="stmt"/>
        <line num="160" count="0" type="stmt"/>
      </file>
    </package>
    <package name="app.[locale].inventory">
      <metrics statements="3" coveredstatements="0" conditionals="1" coveredconditionals="0" methods="2" coveredmethods="0"/>
      <file name="page.tsx" path="C:\Users\gabri\Desktop\PORTIFOLIO\appoitment-system\app\[locale]\inventory\page.tsx">
        <metrics statements="3" coveredstatements="0" conditionals="1" coveredconditionals="0" methods="2" coveredmethods="0"/>
        <line num="3" count="0" type="stmt"/>
        <line num="5" count="0" type="stmt"/>
        <line num="50" count="0" type="stmt"/>
      </file>
    </package>
    <package name="app.[locale].lab-results">
      <metrics statements="3" coveredstatements="0" conditionals="5" coveredconditionals="0" methods="2" coveredmethods="0"/>
      <file name="page.tsx" path="C:\Users\gabri\Desktop\PORTIFOLIO\appoitment-system\app\[locale]\lab-results\page.tsx">
        <metrics statements="3" coveredstatements="0" conditionals="5" coveredconditionals="0" methods="2" coveredmethods="0"/>
        <line num="3" count="0" type="stmt"/>
        <line num="5" count="0" type="stmt"/>
        <line num="62" count="0" type="stmt"/>
      </file>
    </package>
    <package name="app.[locale].notifications">
      <metrics statements="27" coveredstatements="18" conditionals="22" coveredconditionals="15" methods="17" coveredmethods="6"/>
      <file name="page.tsx" path="C:\Users\gabri\Desktop\PORTIFOLIO\appoitment-system\app\[locale]\notifications\page.tsx">
        <metrics statements="27" coveredstatements="18" conditionals="22" coveredconditionals="15" methods="17" coveredmethods="6"/>
        <line num="3" count="1" type="stmt"/>
        <line num="4" count="1" type="stmt"/>
        <line num="5" count="1" type="stmt"/>
        <line num="7" count="4" type="stmt"/>
        <line num="8" count="4" type="stmt"/>
        <line num="9" count="4" type="stmt"/>
        <line num="11" count="4" type="cond" truecount="1" falsecount="1"/>
        <line num="12" count="0" type="stmt"/>
        <line num="15" count="4" type="stmt"/>
        <line num="16" count="0" type="stmt"/>
        <line num="17" count="0" type="cond" truecount="0" falsecount="2"/>
        <line num="21" count="4" type="stmt"/>
        <line num="22" count="0" type="stmt"/>
        <line num="25" count="4" type="stmt"/>
        <line num="26" count="0" type="stmt"/>
        <line num="29" count="4" type="stmt"/>
        <line num="30" count="16" type="stmt"/>
        <line num="39" count="16" type="cond" truecount="1" falsecount="1"/>
        <line num="42" count="4" type="stmt"/>
        <line num="43" count="16" type="cond" truecount="2" falsecount="0"/>
        <line num="54" count="16" type="stmt"/>
        <line num="68" count="0" type="stmt"/>
        <line num="78" count="0" type="stmt"/>
        <line num="85" count="16" type="stmt"/>
        <line num="107" count="16" type="stmt"/>
        <line num="141" count="0" type="stmt"/>
        <line num="149" count="0" type="stmt"/>
      </file>
    </package>
    <package name="app.[locale].patients">
      <metrics statements="40" coveredstatements="32" conditionals="37" coveredconditionals="18" methods="17" coveredmethods="11"/>
      <file name="page.tsx" path="C:\Users\gabri\Desktop\PORTIFOLIO\appoitment-system\app\[locale]\patients\page.tsx">
        <metrics statements="40" coveredstatements="32" conditionals="37" coveredconditionals="18" methods="17" coveredmethods="11"/>
        <line num="3" count="1" type="stmt"/>
        <line num="4" count="1" type="stmt"/>
        <line num="5" count="1" type="stmt"/>
        <line num="6" count="1" type="stmt"/>
        <line num="8" count="3" type="stmt"/>
        <line num="9" count="9" type="stmt"/>
        <line num="10" count="9" type="stmt"/>
        <line num="11" count="9" type="stmt"/>
        <line num="12" count="9" type="stmt"/>
        <line num="14" count="9" type="stmt"/>
        <line num="16" count="300" type="stmt"/>
        <line num="19" count="454800" type="stmt"/>
        <line num="23" count="3" type="stmt"/>
        <line num="24" count="3" type="stmt"/>
        <line num="27" count="9" type="stmt"/>
        <line num="28" count="6" type="cond" truecount="1" falsecount="1"/>
        <line num="29" count="0" type="stmt"/>
        <line num="31" count="0" type="cond" truecount="0" falsecount="5"/>
        <line num="37" count="0" type="stmt"/>
        <line num="39" count="6" type="stmt"/>
        <line num="43" count="9" type="stmt"/>
        <line num="44" count="300" type="stmt"/>
        <line num="45" count="300" type="stmt"/>
        <line num="46" count="300" type="stmt"/>
        <line num="47" count="300" type="stmt"/>
        <line num="48" count="300" type="cond" truecount="5" falsecount="0"/>
        <line num="49" count="45" type="stmt"/>
        <line num="51" count="300" type="stmt"/>
        <line num="81" count="0" type="stmt"/>
        <line num="108" count="600" type="stmt"/>
        <line num="109" count="600" type="stmt"/>
        <line num="110" count="600" type="stmt"/>
        <line num="121" count="600" type="stmt"/>
        <line num="127" count="600" type="stmt"/>
        <line num="144" count="300" type="stmt"/>
        <line num="146" count="0" type="stmt"/>
        <line num="193" count="177" type="stmt"/>
        <line num="322" count="0" type="stmt"/>
        <line num="334" count="0" type="stmt"/>
        <line num="346" count="0" type="stmt"/>
      </file>
    </package>
    <package name="app.[locale].professionals">
      <metrics statements="19" coveredstatements="15" conditionals="23" coveredconditionals="6" methods="13" coveredmethods="9"/>
      <file name="page.tsx" path="C:\Users\gabri\Desktop\PORTIFOLIO\appoitment-system\app\[locale]\professionals\page.tsx">
        <metrics statements="19" coveredstatements="15" conditionals="23" coveredconditionals="6" methods="13" coveredmethods="9"/>
        <line num="3" count="1" type="stmt"/>
        <line num="4" count="1" type="stmt"/>
        <line num="5" count="1" type="stmt"/>
        <line num="7" count="4" type="stmt"/>
        <line num="8" count="4" type="stmt"/>
        <line num="10" count="40" type="stmt"/>
        <line num="12" count="59680" type="stmt"/>
        <line num="14" count="59680" type="stmt"/>
        <line num="15" count="59680" type="stmt"/>
        <line num="16" count="59680" type="stmt"/>
        <line num="49" count="40" type="stmt"/>
        <line num="55" count="40" type="stmt"/>
        <line num="61" count="40" type="stmt"/>
        <line num="72" count="40" type="stmt"/>
        <line num="74" count="0" type="stmt"/>
        <line num="102" count="44" type="stmt"/>
        <line num="153" count="0" type="stmt"/>
        <line num="213" count="0" type="stmt"/>
        <line num="236" count="0" type="stmt"/>
      </file>
    </package>
    <package name="app.[locale].reports">
      <metrics statements="22" coveredstatements="22" conditionals="5" coveredconditionals="5" methods="13" coveredmethods="13"/>
      <file name="page.tsx" path="C:\Users\gabri\Desktop\PORTIFOLIO\appoitment-system\app\[locale]\reports\page.tsx">
        <metrics statements="22" coveredstatements="22" conditionals="5" coveredconditionals="5" methods="13" coveredmethods="13"/>
        <line num="3" count="1" type="stmt"/>
        <line num="4" count="1" type="stmt"/>
        <line num="6" count="5" type="stmt"/>
        <line num="7" count="5" type="stmt"/>
        <line num="8" count="7745" type="stmt"/>
        <line num="9" count="5940" type="stmt"/>
        <line num="11" count="5" type="stmt"/>
        <line num="13" count="7745" type="stmt"/>
        <line num="14" count="7745" type="stmt"/>
        <line num="15" count="7745" type="cond" truecount="3" falsecount="0"/>
        <line num="19" count="330" type="stmt"/>
        <line num="72" count="7745" type="stmt"/>
        <line num="87" count="7745" type="stmt"/>
        <line num="104" count="25" type="stmt"/>
        <line num="105" count="38725" type="cond" truecount="2" falsecount="0"/>
        <line num="106" count="3460" type="stmt"/>
        <line num="107" count="25" type="stmt"/>
        <line num="109" count="25" type="stmt"/>
        <line num="134" count="38725" type="stmt"/>
        <line num="135" count="25" type="stmt"/>
        <line num="171" count="30" type="stmt"/>
        <line num="172" count="30" type="stmt"/>
      </file>
    </package>
    <package name="app.[locale].telemedicine">
      <metrics statements="2" coveredstatements="0" conditionals="0" coveredconditionals="0" methods="1" coveredmethods="0"/>
      <file name="page.tsx" path="C:\Users\gabri\Desktop\PORTIFOLIO\appoitment-system\app\[locale]\telemedicine\page.tsx">
        <metrics statements="2" coveredstatements="0" conditionals="0" coveredconditionals="0" methods="1" coveredmethods="0"/>
        <line num="3" count="0" type="stmt"/>
        <line num="5" count="0" type="stmt"/>
      </file>
    </package>
    <package name="app.[locale].vaccination">
      <metrics statements="3" coveredstatements="0" conditionals="0" coveredconditionals="0" methods="2" coveredmethods="0"/>
      <file name="page.tsx" path="C:\Users\gabri\Desktop\PORTIFOLIO\appoitment-system\app\[locale]\vaccination\page.tsx">
        <metrics statements="3" coveredstatements="0" conditionals="0" coveredconditionals="0" methods="2" coveredmethods="0"/>
        <line num="3" count="0" type="stmt"/>
        <line num="5" count="0" type="stmt"/>
        <line num="49" count="0" type="stmt"/>
      </file>
    </package>
    <package name="components">
      <metrics statements="29" coveredstatements="28" conditionals="18" coveredconditionals="14" methods="12" coveredmethods="11"/>
      <file name="LanguageSwitcher.tsx" path="C:\Users\gabri\Desktop\PORTIFOLIO\appoitment-system\components\LanguageSwitcher.tsx">
        <metrics statements="17" coveredstatements="16" conditionals="10" coveredconditionals="9" methods="7" coveredmethods="6"/>
        <line num="3" count="2" type="stmt"/>
        <line num="4" count="2" type="stmt"/>
        <line num="5" count="2" type="stmt"/>
        <line num="7" count="2" type="stmt"/>
        <line num="13" count="15" type="stmt"/>
        <line num="14" count="18" type="stmt"/>
        <line num="15" count="18" type="stmt"/>
        <line num="16" count="18" type="stmt"/>
        <line num="18" count="21" type="cond" truecount="1" falsecount="1"/>
        <line num="20" count="18" type="stmt"/>
        <line num="22" count="1" type="stmt"/>
        <line num="24" count="1" type="stmt"/>
        <line num="25" count="1" type="stmt"/>
        <line num="31" count="2" type="stmt"/>
        <line num="42" count="0" type="stmt"/>
        <line num="46" count="6" type="stmt"/>
        <line num="48" count="1" type="stmt"/>
      </file>
      <file name="ThemeSwitcher.tsx" path="C:\Users\gabri\Desktop\PORTIFOLIO\appoitment-system\components\ThemeSwitcher.tsx">
        <metrics statements="12" coveredstatements="12" conditionals="8" coveredconditionals="5" methods="5" coveredmethods="5"/>
        <line num="3" count="2" type="stmt"/>
        <line num="4" count="2" type="stmt"/>
        <line num="5" count="2" type="stmt"/>
        <line num="7" count="9" type="stmt"/>
        <line num="8" count="18" type="stmt"/>
        <line num="9" count="18" type="stmt"/>
        <line num="11" count="18" type="stmt"/>
        <line num="12" count="9" type="stmt"/>
        <line num="15" count="18" type="cond" truecount="2" falsecount="0"/>
        <line num="24" count="1" type="stmt"/>
        <line num="35" count="1" type="stmt"/>
        <line num="46" count="1" type="stmt"/>
      </file>
    </package>
    <package name="components.layout">
      <metrics statements="33" coveredstatements="32" conditionals="3" coveredconditionals="2" methods="9" coveredmethods="8"/>
      <file name="Sidebar.tsx" path="C:\Users\gabri\Desktop\PORTIFOLIO\appoitment-system\components\layout\Sidebar.tsx">
        <metrics statements="14" coveredstatements="14" conditionals="2" coveredconditionals="1" methods="2" coveredmethods="2"/>
        <line num="3" count="1" type="stmt"/>
        <line num="4" count="1" type="stmt"/>
        <line num="18" count="1" type="stmt"/>
        <line num="19" count="1" type="stmt"/>
        <line num="20" count="1" type="stmt"/>
        <line num="22" count="4" type="stmt"/>
        <line num="23" count="4" type="stmt"/>
        <line num="24" count="4" type="stmt"/>
        <line num="25" count="4" type="stmt"/>
        <line num="26" count="4" type="stmt"/>
        <line num="28" count="4" type="stmt"/>
        <line num="60" count="48" type="stmt"/>
        <line num="61" count="48" type="stmt"/>
        <line num="63" count="48" type="stmt"/>
      </file>
      <file name="TopBar.tsx" path="C:\Users\gabri\Desktop\PORTIFOLIO\appoitment-system\components\layout\TopBar.tsx">
        <metrics statements="19" coveredstatements="18" conditionals="1" coveredconditionals="1" methods="7" coveredmethods="6"/>
        <line num="3" count="1" type="stmt"/>
        <line num="4" count="1" type="stmt"/>
        <line num="5" count="1" type="stmt"/>
        <line num="6" count="1" type="stmt"/>
        <line num="7" count="1" type="stmt"/>
        <line num="9" count="5" type="stmt"/>
        <line num="10" count="10" type="stmt"/>
        <line num="11" count="10" type="stmt"/>
        <line num="12" count="10" type="stmt"/>
        <line num="13" count="10" type="stmt"/>
        <line num="15" count="10" type="stmt"/>
        <line num="16" count="20" type="stmt"/>
        <line num="18" count="5" type="stmt"/>
        <line num="19" count="0" type="stmt"/>
        <line num="22" count="5" type="stmt"/>
        <line num="25" count="10" type="stmt"/>
        <line num="26" count="10" type="stmt"/>
        <line num="34" count="10" type="stmt"/>
        <line num="35" count="10" type="stmt"/>
      </file>
    </package>
    <package name="lib">
      <metrics statements="70" coveredstatements="70" conditionals="30" coveredconditionals="25" methods="9" coveredmethods="9"/>
      <file name="mockData.ts" path="C:\Users\gabri\Desktop\PORTIFOLIO\appoitment-system\lib\mockData.ts">
        <metrics statements="70" coveredstatements="70" conditionals="30" coveredconditionals="25" methods="9" coveredmethods="9"/>
        <line num="4" count="13385" type="stmt"/>
        <line num="6" count="9" type="stmt"/>
        <line num="7" count="1711" type="stmt"/>
        <line num="8" count="1711" type="stmt"/>
        <line num="9" count="1711" type="stmt"/>
        <line num="12" count="9" type="stmt"/>
        <line num="13" count="54" type="stmt"/>
        <line num="14" count="54" type="stmt"/>
        <line num="15" count="54" type="stmt"/>
        <line num="19" count="9" type="stmt"/>
        <line num="32" count="9" type="stmt"/>
        <line num="39" count="9" type="stmt"/>
        <line num="52" count="9" type="stmt"/>
        <line num="57" count="9" type="stmt"/>
        <line num="63" count="9" type="stmt"/>
        <line num="69" count="9" type="stmt"/>
        <line num="70" count="8100" type="stmt"/>
        <line num="71" count="900" type="stmt"/>
        <line num="75" count="9" type="stmt"/>
        <line num="76" count="2700" type="stmt"/>
        <line num="77" count="2700" type="stmt"/>
        <line num="78" count="2700" type="stmt"/>
        <line num="82" count="9" type="stmt"/>
        <line num="83" count="900" type="stmt"/>
        <line num="87" count="10670" type="stmt"/>
        <line num="309" count="10642" type="stmt"/>
        <line num="310" count="900" type="stmt"/>
        <line num="311" count="900" type="stmt"/>
        <line num="312" count="900" type="stmt"/>
        <line num="313" count="900" type="stmt"/>
        <line num="315" count="900" type="stmt"/>
        <line num="365" count="473" type="stmt"/>
        <line num="368" count="9" type="stmt"/>
        <line num="369" count="9" type="stmt"/>
        <line num="372" count="9" type="stmt"/>
        <line num="373" count="90" type="stmt"/>
        <line num="374" count="90" type="stmt"/>
        <line num="375" count="458" type="stmt"/>
        <line num="376" count="458" type="stmt"/>
        <line num="377" count="458" type="stmt"/>
        <line num="378" count="458" type="stmt"/>
        <line num="379" count="458" type="stmt"/>
        <line num="380" count="458" type="stmt"/>
        <line num="382" count="458" type="stmt"/>
        <line num="403" count="9" type="stmt"/>
        <line num="404" count="270" type="stmt"/>
        <line num="405" count="270" type="stmt"/>
        <line num="407" count="270" type="stmt"/>
        <line num="408" count="3273" type="stmt"/>
        <line num="409" count="3273" type="stmt"/>
        <line num="410" count="3273" type="stmt"/>
        <line num="411" count="3273" type="stmt"/>
        <line num="412" count="3273" type="stmt"/>
        <line num="413" count="3273" type="stmt"/>
        <line num="414" count="3273" type="stmt"/>
        <line num="416" count="3273" type="stmt"/>
        <line num="437" count="9" type="stmt"/>
        <line num="438" count="810" type="stmt"/>
        <line num="439" count="810" type="stmt"/>
        <line num="441" count="810" type="stmt"/>
        <line num="442" count="9654" type="stmt"/>
        <line num="443" count="9654" type="stmt"/>
        <line num="444" count="9654" type="stmt"/>
        <line num="445" count="9654" type="stmt"/>
        <line num="446" count="9654" type="stmt"/>
        <line num="447" count="9654" type="stmt"/>
        <line num="448" count="9654" type="stmt"/>
        <line num="450" count="9654" type="stmt"/>
        <line num="472" count="12" type="stmt"/>
        <line num="512" count="15" type="stmt"/>
      </file>
    </package>
  </project>
</coverage>
