{"C:\\Users\\gabri\\Desktop\\PORTIFOLIO\\appoitment-system\\app\\layout.tsx": {"path":"C:\\Users\\gabri\\Desktop\\PORTIFOLIO\\appoitment-system\\app\\layout.tsx","statementMap":{"0":{"start":{"line":26,"column":24},"end":{"line":26,"column":35}},"1":{"start":{"line":8,"column":13},"end":{"line":8,"column":21}},"2":{"start":{"line":19,"column":13},"end":{"line":19,"column":21}},"3":{"start":{"line":2,"column":22},"end":{"line":2,"column":null}},"4":{"start":{"line":3,"column":7},"end":{"line":3,"column":null}},"5":{"start":{"line":4,"column":26},"end":{"line":4,"column":null}},"6":{"start":{"line":6,"column":14},"end":{"line":6,"column":null}},"7":{"start":{"line":8,"column":34},"end":{"line":17,"column":null}},"8":{"start":{"line":19,"column":34},"end":{"line":24,"column":null}}},"fnMap":{"0":{"name":"RootLayout","decl":{"start":{"line":26,"column":24},"end":{"line":26,"column":35}},"loc":{"start":{"line":30,"column":1},"end":{"line":44,"column":1}}}},"branchMap":{},"s":{"0":0,"1":0,"2":0,"3":0,"4":0,"5":0,"6":0,"7":0,"8":0},"f":{"0":0},"b":{}}
,"C:\\Users\\gabri\\Desktop\\PORTIFOLIO\\appoitment-system\\app\\providers.tsx": {"path":"C:\\Users\\gabri\\Desktop\\PORTIFOLIO\\appoitment-system\\app\\providers.tsx","statementMap":{"0":{"start":{"line":7,"column":16},"end":{"line":7,"column":26}},"1":{"start":{"line":3,"column":49},"end":{"line":3,"column":null}},"2":{"start":{"line":4,"column":30},"end":{"line":4,"column":null}},"3":{"start":{"line":5,"column":36},"end":{"line":5,"column":null}},"4":{"start":{"line":8,"column":24},"end":{"line":15,"column":null}},"5":{"start":{"line":8,"column":39},"end":{"line":15,"column":null}},"6":{"start":{"line":17,"column":2},"end":{"line":41,"column":null}},"7":{"start":{"line":19,"column":4},"end":{"line":28,"column":null}},"8":{"start":{"line":20,"column":6},"end":{"line":27,"column":null}},"9":{"start":{"line":23,"column":10},"end":{"line":23,"column":null}},"10":{"start":{"line":26,"column":10},"end":{"line":26,"column":null}},"11":{"start":{"line":31,"column":4},"end":{"line":40,"column":null}},"12":{"start":{"line":34,"column":8},"end":{"line":38,"column":null}},"13":{"start":{"line":35,"column":10},"end":{"line":37,"column":null}},"14":{"start":{"line":36,"column":12},"end":{"line":36,"column":null}}},"fnMap":{"0":{"name":"Providers","decl":{"start":{"line":7,"column":16},"end":{"line":7,"column":26}},"loc":{"start":{"line":7,"column":69},"end":{"line":50,"column":null}}},"1":{"name":"(anonymous_2)","decl":{"start":{"line":8,"column":33},"end":{"line":8,"column":39}},"loc":{"start":{"line":8,"column":39},"end":{"line":15,"column":null}}},"2":{"name":"(anonymous_3)","decl":{"start":{"line":17,"column":12},"end":{"line":17,"column":null}},"loc":{"start":{"line":17,"column":12},"end":{"line":41,"column":5}}},"3":{"name":"(anonymous_4)","decl":{"start":{"line":22,"column":14},"end":{"line":22,"column":15}},"loc":{"start":{"line":22,"column":15},"end":{"line":24,"column":null}}},"4":{"name":"(anonymous_5)","decl":{"start":{"line":25,"column":15},"end":{"line":25,"column":16}},"loc":{"start":{"line":25,"column":16},"end":{"line":27,"column":null}}},"5":{"name":"(anonymous_6)","decl":{"start":{"line":33,"column":17},"end":{"line":33,"column":null}},"loc":{"start":{"line":33,"column":17},"end":{"line":39,"column":9}}},"6":{"name":"(anonymous_7)","decl":{"start":{"line":34,"column":46},"end":{"line":34,"column":47}},"loc":{"start":{"line":34,"column":47},"end":{"line":38,"column":null}}}},"branchMap":{"0":{"loc":{"start":{"line":19,"column":4},"end":{"line":28,"column":null}},"type":"if","locations":[{"start":{"line":19,"column":4},"end":{"line":28,"column":null}},{"start":{},"end":{}}]},"1":{"loc":{"start":{"line":19,"column":8},"end":{"line":19,"column":65}},"type":"binary-expr","locations":[{"start":{"line":19,"column":8},"end":{"line":19,"column":40}},{"start":{"line":19,"column":40},"end":{"line":19,"column":65}}]},"2":{"loc":{"start":{"line":31,"column":4},"end":{"line":40,"column":null}},"type":"if","locations":[{"start":{"line":31,"column":4},"end":{"line":40,"column":null}},{"start":{},"end":{}}]},"3":{"loc":{"start":{"line":31,"column":8},"end":{"line":31,"column":75}},"type":"binary-expr","locations":[{"start":{"line":31,"column":8},"end":{"line":31,"column":36}},{"start":{"line":31,"column":36},"end":{"line":31,"column":75}}]},"4":{"loc":{"start":{"line":35,"column":10},"end":{"line":37,"column":null}},"type":"if","locations":[{"start":{"line":35,"column":10},"end":{"line":37,"column":null}},{"start":{},"end":{}}]}},"s":{"0":0,"1":0,"2":0,"3":0,"4":0,"5":0,"6":0,"7":0,"8":0,"9":0,"10":0,"11":0,"12":0,"13":0,"14":0},"f":{"0":0,"1":0,"2":0,"3":0,"4":0,"5":0,"6":0},"b":{"0":[0,0],"1":[0,0],"2":[0,0],"3":[0,0],"4":[0,0]}}
,"C:\\Users\\gabri\\Desktop\\PORTIFOLIO\\appoitment-system\\app\\[locale]\\layout.tsx": {"path":"C:\\Users\\gabri\\Desktop\\PORTIFOLIO\\appoitment-system\\app\\[locale]\\layout.tsx","statementMap":{"0":{"start":{"line":18,"column":30},"end":{"line":18,"column":43}},"1":{"start":{"line":14,"column":16},"end":{"line":14,"column":36}},"2":{"start":{"line":1,"column":39},"end":{"line":1,"column":null}},"3":{"start":{"line":2,"column":28},"end":{"line":2,"column":null}},"4":{"start":{"line":3,"column":25},"end":{"line":3,"column":null}},"5":{"start":{"line":4,"column":24},"end":{"line":4,"column":null}},"6":{"start":{"line":6,"column":24},"end":{"line":6,"column":null}},"7":{"start":{"line":7,"column":23},"end":{"line":7,"column":null}},"8":{"start":{"line":15,"column":2},"end":{"line":15,"column":null}},"9":{"start":{"line":15,"column":34},"end":{"line":15,"column":null}},"10":{"start":{"line":22,"column":21},"end":{"line":22,"column":null}},"11":{"start":{"line":25,"column":2},"end":{"line":27,"column":null}},"12":{"start":{"line":26,"column":4},"end":{"line":26,"column":null}},"13":{"start":{"line":30,"column":19},"end":{"line":30,"column":null}}},"fnMap":{"0":{"name":"generateStaticParams","decl":{"start":{"line":14,"column":16},"end":{"line":14,"column":36}},"loc":{"start":{"line":14,"column":16},"end":{"line":16,"column":null}}},"1":{"name":"(anonymous_4)","decl":{"start":{"line":15,"column":21},"end":{"line":15,"column":22}},"loc":{"start":{"line":15,"column":34},"end":{"line":15,"column":null}}},"2":{"name":"LocaleLayout","decl":{"start":{"line":18,"column":30},"end":{"line":18,"column":43}},"loc":{"start":{"line":21,"column":8},"end":{"line":45,"column":1}}}},"branchMap":{"0":{"loc":{"start":{"line":25,"column":2},"end":{"line":27,"column":null}},"type":"if","locations":[{"start":{"line":25,"column":2},"end":{"line":27,"column":null}},{"start":{},"end":{}}]}},"s":{"0":0,"1":0,"2":0,"3":0,"4":0,"5":0,"6":0,"7":0,"8":0,"9":0,"10":0,"11":0,"12":0,"13":0},"f":{"0":0,"1":0,"2":0},"b":{"0":[0,0]}}
,"C:\\Users\\gabri\\Desktop\\PORTIFOLIO\\appoitment-system\\app\\[locale]\\page.tsx": {"path":"C:\\Users\\gabri\\Desktop\\PORTIFOLIO\\appoitment-system\\app\\[locale]\\page.tsx","statementMap":{"0":{"start":{"line":16,"column":24},"end":{"line":16,"column":null}},"1":{"start":{"line":3,"column":36},"end":{"line":3,"column":null}},"2":{"start":{"line":4,"column":77},"end":{"line":4,"column":null}},"3":{"start":{"line":13,"column":7},"end":{"line":13,"column":null}},"4":{"start":{"line":14,"column":17},"end":{"line":14,"column":null}},"5":{"start":{"line":17,"column":28},"end":{"line":24,"column":null}},"6":{"start":{"line":26,"column":52},"end":{"line":26,"column":null}},"7":{"start":{"line":27,"column":58},"end":{"line":27,"column":null}},"8":{"start":{"line":29,"column":2},"end":{"line":90,"column":null}},"9":{"start":{"line":30,"column":18},"end":{"line":30,"column":null}},"10":{"start":{"line":31,"column":4},"end":{"line":31,"column":null}},"11":{"start":{"line":33,"column":21},"end":{"line":33,"column":null}},"12":{"start":{"line":34,"column":4},"end":{"line":34,"column":null}},"13":{"start":{"line":37,"column":23},"end":{"line":40,"column":null}},"14":{"start":{"line":38,"column":22},"end":{"line":38,"column":null}},"15":{"start":{"line":39,"column":6},"end":{"line":39,"column":null}},"16":{"start":{"line":43,"column":22},"end":{"line":43,"column":79}},"17":{"start":{"line":43,"column":47},"end":{"line":43,"column":73}},"18":{"start":{"line":44,"column":20},"end":{"line":44,"column":77}},"19":{"start":{"line":44,"column":45},"end":{"line":44,"column":71}},"20":{"start":{"line":45,"column":22},"end":{"line":45,"column":79}},"21":{"start":{"line":45,"column":47},"end":{"line":45,"column":73}},"22":{"start":{"line":46,"column":20},"end":{"line":48,"column":null}},"23":{"start":{"line":47,"column":21},"end":{"line":47,"column":29}},"24":{"start":{"line":48,"column":26},"end":{"line":48,"column":39}},"25":{"start":{"line":50,"column":4},"end":{"line":57,"column":null}},"26":{"start":{"line":56,"column":39},"end":{"line":56,"column":63}},"27":{"start":{"line":60,"column":26},"end":{"line":66,"column":null}},"28":{"start":{"line":61,"column":21},"end":{"line":65,"column":null}},"29":{"start":{"line":63,"column":42},"end":{"line":63,"column":64}},"30":{"start":{"line":64,"column":52},"end":{"line":64,"column":79}},"31":{"start":{"line":66,"column":22},"end":{"line":66,"column":null}},"32":{"start":{"line":68,"column":4},"end":{"line":68,"column":null}},"33":{"start":{"line":71,"column":21},"end":{"line":71,"column":null}},"34":{"start":{"line":72,"column":4},"end":{"line":72,"column":null}},"35":{"start":{"line":73,"column":21},"end":{"line":73,"column":null}},"36":{"start":{"line":74,"column":4},"end":{"line":74,"column":null}},"37":{"start":{"line":76,"column":21},"end":{"line":87,"column":null}},"38":{"start":{"line":78,"column":24},"end":{"line":78,"column":null}},"39":{"start":{"line":79,"column":8},"end":{"line":79,"column":null}},"40":{"start":{"line":81,"column":21},"end":{"line":85,"column":null}},"41":{"start":{"line":83,"column":42},"end":{"line":83,"column":64}},"42":{"start":{"line":84,"column":52},"end":{"line":84,"column":79}},"43":{"start":{"line":86,"column":22},"end":{"line":86,"column":null}},"44":{"start":{"line":89,"column":4},"end":{"line":89,"column":null}},"45":{"start":{"line":92,"column":25},"end":{"line":103,"column":null}},"46":{"start":{"line":93,"column":72},"end":{"line":100,"column":null}},"47":{"start":{"line":101,"column":18},"end":{"line":101,"column":52}},"48":{"start":{"line":203,"column":16},"end":{"line":204,"column":null}},"49":{"start":{"line":247,"column":39},"end":{"line":247,"column":63}},"50":{"start":{"line":254,"column":33},"end":{"line":254,"column":null}},"51":{"start":{"line":256,"column":20},"end":{"line":257,"column":null}},"52":{"start":{"line":294,"column":18},"end":{"line":295,"column":null}},"53":{"start":{"line":326,"column":16},"end":{"line":327,"column":null}}},"fnMap":{"0":{"name":"Dashboard","decl":{"start":{"line":16,"column":24},"end":{"line":16,"column":null}},"loc":{"start":{"line":16,"column":24},"end":{"line":348,"column":null}}},"1":{"name":"(anonymous_3)","decl":{"start":{"line":29,"column":12},"end":{"line":29,"column":null}},"loc":{"start":{"line":29,"column":12},"end":{"line":90,"column":5}}},"2":{"name":"(anonymous_4)","decl":{"start":{"line":37,"column":47},"end":{"line":37,"column":48}},"loc":{"start":{"line":37,"column":48},"end":{"line":40,"column":null}}},"3":{"name":"(anonymous_5)","decl":{"start":{"line":43,"column":40},"end":{"line":43,"column":41}},"loc":{"start":{"line":43,"column":47},"end":{"line":43,"column":73}}},"4":{"name":"(anonymous_6)","decl":{"start":{"line":44,"column":38},"end":{"line":44,"column":39}},"loc":{"start":{"line":44,"column":45},"end":{"line":44,"column":71}}},"5":{"name":"(anonymous_7)","decl":{"start":{"line":45,"column":40},"end":{"line":45,"column":41}},"loc":{"start":{"line":45,"column":47},"end":{"line":45,"column":73}}},"6":{"name":"(anonymous_8)","decl":{"start":{"line":47,"column":14},"end":{"line":47,"column":15}},"loc":{"start":{"line":47,"column":21},"end":{"line":47,"column":29}}},"7":{"name":"(anonymous_9)","decl":{"start":{"line":48,"column":14},"end":{"line":48,"column":15}},"loc":{"start":{"line":48,"column":26},"end":{"line":48,"column":39}}},"8":{"name":"(anonymous_10)","decl":{"start":{"line":56,"column":32},"end":{"line":56,"column":33}},"loc":{"start":{"line":56,"column":39},"end":{"line":56,"column":63}}},"9":{"name":"(anonymous_11)","decl":{"start":{"line":61,"column":11},"end":{"line":61,"column":12}},"loc":{"start":{"line":61,"column":21},"end":{"line":65,"column":null}}},"10":{"name":"(anonymous_12)","decl":{"start":{"line":63,"column":35},"end":{"line":63,"column":36}},"loc":{"start":{"line":63,"column":42},"end":{"line":63,"column":64}}},"11":{"name":"(anonymous_13)","decl":{"start":{"line":64,"column":45},"end":{"line":64,"column":46}},"loc":{"start":{"line":64,"column":52},"end":{"line":64,"column":79}}},"12":{"name":"(anonymous_14)","decl":{"start":{"line":66,"column":12},"end":{"line":66,"column":13}},"loc":{"start":{"line":66,"column":22},"end":{"line":66,"column":null}}},"13":{"name":"(anonymous_15)","decl":{"start":{"line":77,"column":14},"end":{"line":77,"column":15}},"loc":{"start":{"line":77,"column":15},"end":{"line":80,"column":null}}},"14":{"name":"(anonymous_16)","decl":{"start":{"line":81,"column":11},"end":{"line":81,"column":12}},"loc":{"start":{"line":81,"column":21},"end":{"line":85,"column":null}}},"15":{"name":"(anonymous_17)","decl":{"start":{"line":83,"column":35},"end":{"line":83,"column":36}},"loc":{"start":{"line":83,"column":42},"end":{"line":83,"column":64}}},"16":{"name":"(anonymous_18)","decl":{"start":{"line":84,"column":45},"end":{"line":84,"column":46}},"loc":{"start":{"line":84,"column":52},"end":{"line":84,"column":79}}},"17":{"name":"(anonymous_19)","decl":{"start":{"line":86,"column":12},"end":{"line":86,"column":13}},"loc":{"start":{"line":86,"column":22},"end":{"line":86,"column":null}}},"18":{"name":"(anonymous_20)","decl":{"start":{"line":92,"column":25},"end":{"line":92,"column":26}},"loc":{"start":{"line":92,"column":26},"end":{"line":103,"column":null}}},"19":{"name":"(anonymous_21)","decl":{"start":{"line":202,"column":36},"end":{"line":202,"column":37}},"loc":{"start":{"line":203,"column":16},"end":{"line":204,"column":null}}},"20":{"name":"(anonymous_22)","decl":{"start":{"line":247,"column":32},"end":{"line":247,"column":33}},"loc":{"start":{"line":247,"column":39},"end":{"line":247,"column":63}}},"21":{"name":"(anonymous_23)","decl":{"start":{"line":254,"column":26},"end":{"line":254,"column":27}},"loc":{"start":{"line":254,"column":33},"end":{"line":254,"column":null}}},"22":{"name":"(anonymous_24)","decl":{"start":{"line":255,"column":23},"end":{"line":255,"column":24}},"loc":{"start":{"line":256,"column":20},"end":{"line":257,"column":null}}},"23":{"name":"(anonymous_25)","decl":{"start":{"line":293,"column":41},"end":{"line":293,"column":42}},"loc":{"start":{"line":294,"column":18},"end":{"line":295,"column":null}}},"24":{"name":"(anonymous_26)","decl":{"start":{"line":325,"column":49},"end":{"line":325,"column":50}},"loc":{"start":{"line":326,"column":16},"end":{"line":327,"column":null}}}},"branchMap":{"0":{"loc":{"start":{"line":39,"column":13},"end":{"line":39,"column":null}},"type":"binary-expr","locations":[{"start":{"line":39,"column":13},"end":{"line":39,"column":33}},{"start":{"line":39,"column":33},"end":{"line":39,"column":null}}]},"1":{"loc":{"start":{"line":79,"column":15},"end":{"line":79,"column":null}},"type":"binary-expr","locations":[{"start":{"line":79,"column":15},"end":{"line":79,"column":38}},{"start":{"line":79,"column":38},"end":{"line":79,"column":61}},{"start":{"line":79,"column":61},"end":{"line":79,"column":null}}]},"2":{"loc":{"start":{"line":101,"column":18},"end":{"line":101,"column":52}},"type":"binary-expr","locations":[{"start":{"line":101,"column":18},"end":{"line":101,"column":32}},{"start":{"line":101,"column":36},"end":{"line":101,"column":52}}]},"3":{"loc":{"start":{"line":196,"column":13},"end":{"line":204,"column":null}},"type":"cond-expr","locations":[{"start":{"line":197,"column":14},"end":{"line":202,"column":32}},{"start":{"line":202,"column":14},"end":{"line":204,"column":null}}]},"4":{"loc":{"start":{"line":216,"column":46},"end":{"line":216,"column":83}},"type":"binary-expr","locations":[{"start":{"line":216,"column":46},"end":{"line":216,"column":73}},{"start":{"line":216,"column":73},"end":{"line":216,"column":83}}]},"5":{"loc":{"start":{"line":247,"column":15},"end":{"line":257,"column":null}},"type":"cond-expr","locations":[{"start":{"line":248,"column":16},"end":{"line":253,"column":25}},{"start":{"line":253,"column":16},"end":{"line":257,"column":null}}]},"6":{"loc":{"start":{"line":287,"column":15},"end":{"line":295,"column":null}},"type":"cond-expr","locations":[{"start":{"line":288,"column":16},"end":{"line":293,"column":37}},{"start":{"line":293,"column":16},"end":{"line":295,"column":null}}]}},"s":{"0":3,"1":1,"2":1,"3":1,"4":1,"5":6,"6":6,"7":6,"8":6,"9":3,"10":3,"11":3,"12":3,"13":3,"14":4302,"15":4302,"16":3,"17":153,"18":3,"19":153,"20":3,"21":153,"22":3,"23":153,"24":117,"25":3,"26":6,"27":3,"28":153,"29":7200,"30":861,"31":651,"32":3,"33":3,"34":3,"35":3,"36":3,"37":3,"38":4302,"39":4302,"40":213,"41":10095,"42":1182,"43":210,"44":3,"45":6,"46":153,"47":153,"48":153,"49":12,"50":12,"51":12,"52":15,"53":30},"f":{"0":6,"1":3,"2":4302,"3":153,"4":153,"5":153,"6":153,"7":117,"8":6,"9":153,"10":7200,"11":861,"12":651,"13":4302,"14":213,"15":10095,"16":1182,"17":210,"18":153,"19":153,"20":12,"21":12,"22":12,"23":15,"24":30},"b":{"0":[4302,1185],"1":[4302,1032,213],"2":[153,0],"3":[3,3],"4":[153,0],"5":[0,6],"6":[3,3]}}
,"C:\\Users\\gabri\\Desktop\\PORTIFOLIO\\appoitment-system\\app\\[locale]\\appointments\\page.tsx": {"path":"C:\\Users\\gabri\\Desktop\\PORTIFOLIO\\appoitment-system\\app\\[locale]\\appointments\\page.tsx","statementMap":{"0":{"start":{"line":8,"column":24},"end":{"line":8,"column":null}},"1":{"start":{"line":3,"column":36},"end":{"line":3,"column":null}},"2":{"start":{"line":4,"column":66},"end":{"line":4,"column":null}},"3":{"start":{"line":5,"column":68},"end":{"line":5,"column":null}},"4":{"start":{"line":6,"column":17},"end":{"line":6,"column":null}},"5":{"start":{"line":9,"column":42},"end":{"line":9,"column":null}},"6":{"start":{"line":10,"column":58},"end":{"line":10,"column":null}},"7":{"start":{"line":11,"column":38},"end":{"line":11,"column":null}},"8":{"start":{"line":12,"column":42},"end":{"line":12,"column":null}},"9":{"start":{"line":13,"column":38},"end":{"line":13,"column":null}},"10":{"start":{"line":15,"column":2},"end":{"line":25,"column":null}},"11":{"start":{"line":17,"column":21},"end":{"line":21,"column":null}},"12":{"start":{"line":17,"column":52},"end":{"line":21,"column":null}},"13":{"start":{"line":19,"column":40},"end":{"line":19,"column":62}},"14":{"start":{"line":20,"column":50},"end":{"line":20,"column":77}},"15":{"start":{"line":23,"column":4},"end":{"line":23,"column":null}},"16":{"start":{"line":24,"column":4},"end":{"line":24,"column":null}},"17":{"start":{"line":27,"column":2},"end":{"line":69,"column":null}},"18":{"start":{"line":28,"column":19},"end":{"line":28,"column":null}},"19":{"start":{"line":31,"column":4},"end":{"line":38,"column":null}},"20":{"start":{"line":32,"column":6},"end":{"line":36,"column":null}},"21":{"start":{"line":34,"column":10},"end":{"line":36,"column":null}},"22":{"start":{"line":41,"column":4},"end":{"line":43,"column":null}},"23":{"start":{"line":42,"column":6},"end":{"line":42,"column":null}},"24":{"start":{"line":42,"column":42},"end":{"line":42,"column":null}},"25":{"start":{"line":46,"column":18},"end":{"line":46,"column":null}},"26":{"start":{"line":47,"column":4},"end":{"line":47,"column":null}},"27":{"start":{"line":49,"column":4},"end":{"line":59,"column":null}},"28":{"start":{"line":50,"column":6},"end":{"line":54,"column":null}},"29":{"start":{"line":51,"column":24},"end":{"line":51,"column":null}},"30":{"start":{"line":52,"column":8},"end":{"line":52,"column":null}},"31":{"start":{"line":53,"column":8},"end":{"line":53,"column":null}},"32":{"start":{"line":55,"column":11},"end":{"line":59,"column":null}},"33":{"start":{"line":56,"column":6},"end":{"line":56,"column":null}},"34":{"start":{"line":56,"column":42},"end":{"line":56,"column":null}},"35":{"start":{"line":57,"column":11},"end":{"line":59,"column":null}},"36":{"start":{"line":58,"column":6},"end":{"line":58,"column":null}},"37":{"start":{"line":58,"column":42},"end":{"line":58,"column":null}},"38":{"start":{"line":62,"column":4},"end":{"line":66,"column":null}},"39":{"start":{"line":63,"column":26},"end":{"line":63,"column":null}},"40":{"start":{"line":64,"column":6},"end":{"line":64,"column":null}},"41":{"start":{"line":64,"column":29},"end":{"line":64,"column":null}},"42":{"start":{"line":65,"column":6},"end":{"line":65,"column":null}},"43":{"start":{"line":68,"column":4},"end":{"line":68,"column":null}},"44":{"start":{"line":71,"column":25},"end":{"line":82,"column":null}},"45":{"start":{"line":72,"column":72},"end":{"line":79,"column":null}},"46":{"start":{"line":80,"column":18},"end":{"line":80,"column":52}},"47":{"start":{"line":109,"column":33},"end":{"line":109,"column":null}},"48":{"start":{"line":122,"column":31},"end":{"line":122,"column":null}},"49":{"start":{"line":141,"column":31},"end":{"line":141,"column":null}},"50":{"start":{"line":169,"column":48},"end":{"line":169,"column":74}},"51":{"start":{"line":175,"column":48},"end":{"line":175,"column":74}},"52":{"start":{"line":181,"column":48},"end":{"line":181,"column":74}},"53":{"start":{"line":196,"column":14},"end":{"line":197,"column":null}}},"fnMap":{"0":{"name":"AppointmentsPage","decl":{"start":{"line":8,"column":24},"end":{"line":8,"column":null}},"loc":{"start":{"line":8,"column":24},"end":{"line":287,"column":null}}},"1":{"name":"(anonymous_3)","decl":{"start":{"line":15,"column":12},"end":{"line":15,"column":null}},"loc":{"start":{"line":15,"column":12},"end":{"line":25,"column":5}}},"2":{"name":"(anonymous_4)","decl":{"start":{"line":17,"column":42},"end":{"line":17,"column":43}},"loc":{"start":{"line":17,"column":52},"end":{"line":21,"column":null}}},"3":{"name":"(anonymous_5)","decl":{"start":{"line":19,"column":33},"end":{"line":19,"column":34}},"loc":{"start":{"line":19,"column":40},"end":{"line":19,"column":62}}},"4":{"name":"(anonymous_6)","decl":{"start":{"line":20,"column":43},"end":{"line":20,"column":44}},"loc":{"start":{"line":20,"column":50},"end":{"line":20,"column":77}}},"5":{"name":"(anonymous_7)","decl":{"start":{"line":27,"column":12},"end":{"line":27,"column":null}},"loc":{"start":{"line":27,"column":12},"end":{"line":69,"column":5}}},"6":{"name":"(anonymous_8)","decl":{"start":{"line":33,"column":8},"end":{"line":33,"column":9}},"loc":{"start":{"line":34,"column":10},"end":{"line":36,"column":null}}},"7":{"name":"(anonymous_9)","decl":{"start":{"line":42,"column":33},"end":{"line":42,"column":34}},"loc":{"start":{"line":42,"column":42},"end":{"line":42,"column":null}}},"8":{"name":"(anonymous_10)","decl":{"start":{"line":50,"column":33},"end":{"line":50,"column":34}},"loc":{"start":{"line":50,"column":34},"end":{"line":54,"column":null}}},"9":{"name":"(anonymous_11)","decl":{"start":{"line":56,"column":33},"end":{"line":56,"column":34}},"loc":{"start":{"line":56,"column":42},"end":{"line":56,"column":null}}},"10":{"name":"(anonymous_12)","decl":{"start":{"line":58,"column":33},"end":{"line":58,"column":34}},"loc":{"start":{"line":58,"column":42},"end":{"line":58,"column":null}}},"11":{"name":"(anonymous_13)","decl":{"start":{"line":62,"column":18},"end":{"line":62,"column":19}},"loc":{"start":{"line":62,"column":22},"end":{"line":66,"column":null}}},"12":{"name":"(anonymous_14)","decl":{"start":{"line":71,"column":25},"end":{"line":71,"column":26}},"loc":{"start":{"line":71,"column":26},"end":{"line":82,"column":null}}},"13":{"name":"(anonymous_15)","decl":{"start":{"line":109,"column":26},"end":{"line":109,"column":27}},"loc":{"start":{"line":109,"column":33},"end":{"line":109,"column":null}}},"14":{"name":"(anonymous_16)","decl":{"start":{"line":122,"column":24},"end":{"line":122,"column":25}},"loc":{"start":{"line":122,"column":31},"end":{"line":122,"column":null}}},"15":{"name":"(anonymous_17)","decl":{"start":{"line":141,"column":24},"end":{"line":141,"column":25}},"loc":{"start":{"line":141,"column":31},"end":{"line":141,"column":null}}},"16":{"name":"(anonymous_18)","decl":{"start":{"line":169,"column":41},"end":{"line":169,"column":42}},"loc":{"start":{"line":169,"column":48},"end":{"line":169,"column":74}}},"17":{"name":"(anonymous_19)","decl":{"start":{"line":175,"column":41},"end":{"line":175,"column":42}},"loc":{"start":{"line":175,"column":48},"end":{"line":175,"column":74}}},"18":{"name":"(anonymous_20)","decl":{"start":{"line":181,"column":41},"end":{"line":181,"column":42}},"loc":{"start":{"line":181,"column":48},"end":{"line":181,"column":74}}},"19":{"name":"(anonymous_21)","decl":{"start":{"line":195,"column":37},"end":{"line":195,"column":38}},"loc":{"start":{"line":196,"column":14},"end":{"line":197,"column":null}}}},"branchMap":{"0":{"loc":{"start":{"line":31,"column":4},"end":{"line":38,"column":null}},"type":"if","locations":[{"start":{"line":31,"column":4},"end":{"line":38,"column":null}},{"start":{},"end":{}}]},"1":{"loc":{"start":{"line":34,"column":10},"end":{"line":36,"column":null}},"type":"binary-expr","locations":[{"start":{"line":34,"column":10},"end":{"line":34,"column":null}},{"start":{"line":35,"column":10},"end":{"line":35,"column":null}},{"start":{"line":36,"column":10},"end":{"line":36,"column":null}}]},"2":{"loc":{"start":{"line":41,"column":4},"end":{"line":43,"column":null}},"type":"if","locations":[{"start":{"line":41,"column":4},"end":{"line":43,"column":null}},{"start":{},"end":{}}]},"3":{"loc":{"start":{"line":49,"column":4},"end":{"line":59,"column":null}},"type":"if","locations":[{"start":{"line":49,"column":4},"end":{"line":59,"column":null}},{"start":{"line":55,"column":11},"end":{"line":59,"column":null}}]},"4":{"loc":{"start":{"line":55,"column":11},"end":{"line":59,"column":null}},"type":"if","locations":[{"start":{"line":55,"column":11},"end":{"line":59,"column":null}},{"start":{"line":57,"column":11},"end":{"line":59,"column":null}}]},"5":{"loc":{"start":{"line":57,"column":11},"end":{"line":59,"column":null}},"type":"if","locations":[{"start":{"line":57,"column":11},"end":{"line":59,"column":null}},{"start":{},"end":{}}]},"6":{"loc":{"start":{"line":64,"column":6},"end":{"line":64,"column":null}},"type":"if","locations":[{"start":{"line":64,"column":6},"end":{"line":64,"column":null}},{"start":{},"end":{}}]},"7":{"loc":{"start":{"line":80,"column":18},"end":{"line":80,"column":52}},"type":"binary-expr","locations":[{"start":{"line":80,"column":18},"end":{"line":80,"column":32}},{"start":{"line":80,"column":36},"end":{"line":80,"column":52}}]},"8":{"loc":{"start":{"line":189,"column":11},"end":{"line":197,"column":null}},"type":"cond-expr","locations":[{"start":{"line":190,"column":12},"end":{"line":195,"column":33}},{"start":{"line":195,"column":12},"end":{"line":197,"column":null}}]},"9":{"loc":{"start":{"line":203,"column":46},"end":{"line":203,"column":83}},"type":"binary-expr","locations":[{"start":{"line":203,"column":46},"end":{"line":203,"column":73}},{"start":{"line":203,"column":73},"end":{"line":203,"column":83}}]},"10":{"loc":{"start":{"line":245,"column":31},"end":{"line":245,"column":null}},"type":"cond-expr","locations":[{"start":{"line":245,"column":60},"end":{"line":245,"column":82}},{"start":{"line":245,"column":82},"end":{"line":245,"column":null}}]},"11":{"loc":{"start":{"line":255,"column":25},"end":{"line":255,"column":35}},"type":"binary-expr","locations":[{"start":{"line":255,"column":25},"end":{"line":255,"column":35}}]},"12":{"loc":{"start":{"line":264,"column":25},"end":{"line":264,"column":null}},"type":"binary-expr","locations":[{"start":{"line":264,"column":25},"end":{"line":264,"column":null}}]}},"s":{"0":3,"1":1,"2":1,"3":1,"4":1,"5":9,"6":9,"7":9,"8":9,"9":9,"10":9,"11":3,"12":4479,"13":227238,"14":24975,"15":3,"16":3,"17":9,"18":6,"19":6,"20":0,"21":0,"22":6,"23":0,"24":0,"25":6,"26":6,"27":6,"28":0,"29":0,"30":0,"31":0,"32":6,"33":0,"34":0,"35":6,"36":0,"37":0,"38":6,"39":21354,"40":21354,"41":8910,"42":12444,"43":6,"44":9,"45":4479,"46":4479,"47":0,"48":0,"49":0,"50":4479,"51":4479,"52":4479,"53":4479},"f":{"0":9,"1":3,"2":4479,"3":227238,"4":24975,"5":6,"6":0,"7":0,"8":0,"9":0,"10":0,"11":21354,"12":4479,"13":0,"14":0,"15":0,"16":4479,"17":4479,"18":4479,"19":4479},"b":{"0":[0,6],"1":[0,0,0],"2":[0,6],"3":[0,6],"4":[0,6],"5":[0,6],"6":[8910,12444],"7":[4479,0],"8":[6,3],"9":[4479,0],"10":[1527,2952],"11":[4479],"12":[4479]}}
,"C:\\Users\\gabri\\Desktop\\PORTIFOLIO\\appoitment-system\\app\\[locale]\\appointments\\new\\page.tsx": {"path":"C:\\Users\\gabri\\Desktop\\PORTIFOLIO\\appoitment-system\\app\\[locale]\\appointments\\new\\page.tsx","statementMap":{"0":{"start":{"line":34,"column":24},"end":{"line":34,"column":null}},"1":{"start":{"line":3,"column":25},"end":{"line":3,"column":null}},"2":{"start":{"line":4,"column":48},"end":{"line":4,"column":null}},"3":{"start":{"line":5,"column":82},"end":{"line":5,"column":null}},"4":{"start":{"line":7,"column":17},"end":{"line":7,"column":null}},"5":{"start":{"line":9,"column":33},"end":{"line":19,"column":null}},"6":{"start":{"line":21,"column":25},"end":{"line":26,"column":null}},"7":{"start":{"line":28,"column":18},"end":{"line":32,"column":null}},"8":{"start":{"line":35,"column":26},"end":{"line":35,"column":null}},"9":{"start":{"line":36,"column":34},"end":{"line":44,"column":null}},"10":{"start":{"line":46,"column":16},"end":{"line":52,"column":null}},"11":{"start":{"line":54,"column":32},"end":{"line":56,"column":23}},"12":{"start":{"line":55,"column":38},"end":{"line":55,"column":null}},"13":{"start":{"line":58,"column":31},"end":{"line":58,"column":null}},"14":{"start":{"line":58,"column":61},"end":{"line":58,"column":93}},"15":{"start":{"line":59,"column":26},"end":{"line":59,"column":null}},"16":{"start":{"line":59,"column":51},"end":{"line":59,"column":78}},"17":{"start":{"line":61,"column":21},"end":{"line":63,"column":null}},"18":{"start":{"line":62,"column":4},"end":{"line":62,"column":null}},"19":{"start":{"line":62,"column":18},"end":{"line":62,"column":null}},"20":{"start":{"line":65,"column":21},"end":{"line":67,"column":null}},"21":{"start":{"line":66,"column":4},"end":{"line":66,"column":null}},"22":{"start":{"line":66,"column":18},"end":{"line":66,"column":null}},"23":{"start":{"line":69,"column":23},"end":{"line":73,"column":null}},"24":{"start":{"line":70,"column":4},"end":{"line":70,"column":null}},"25":{"start":{"line":71,"column":4},"end":{"line":71,"column":null}},"26":{"start":{"line":72,"column":4},"end":{"line":72,"column":null}},"27":{"start":{"line":75,"column":27},"end":{"line":84,"column":null}},"28":{"start":{"line":76,"column":18},"end":{"line":76,"column":20}},"29":{"start":{"line":77,"column":18},"end":{"line":77,"column":null}},"30":{"start":{"line":78,"column":4},"end":{"line":82,"column":null}},"31":{"start":{"line":78,"column":17},"end":{"line":78,"column":20}},"32":{"start":{"line":79,"column":19},"end":{"line":79,"column":null}},"33":{"start":{"line":80,"column":6},"end":{"line":80,"column":null}},"34":{"start":{"line":81,"column":6},"end":{"line":81,"column":null}},"35":{"start":{"line":83,"column":4},"end":{"line":83,"column":null}},"36":{"start":{"line":100,"column":25},"end":{"line":100,"column":31}},"37":{"start":{"line":101,"column":29},"end":{"line":101,"column":null}},"38":{"start":{"line":102,"column":32},"end":{"line":102,"column":null}},"39":{"start":{"line":104,"column":12},"end":{"line":105,"column":34}},"40":{"start":{"line":148,"column":16},"end":{"line":149,"column":null}},"41":{"start":{"line":150,"column":33},"end":{"line":150,"column":null}},"42":{"start":{"line":159,"column":53},"end":{"line":159,"column":86}},"43":{"start":{"line":178,"column":16},"end":{"line":179,"column":null}},"44":{"start":{"line":180,"column":33},"end":{"line":180,"column":null}},"45":{"start":{"line":230,"column":18},"end":{"line":231,"column":null}},"46":{"start":{"line":232,"column":35},"end":{"line":232,"column":null}},"47":{"start":{"line":253,"column":34},"end":{"line":253,"column":66}},"48":{"start":{"line":254,"column":18},"end":{"line":256,"column":null}},"49":{"start":{"line":257,"column":37},"end":{"line":257,"column":null}},"50":{"start":{"line":285,"column":20},"end":{"line":286,"column":null}},"51":{"start":{"line":287,"column":37},"end":{"line":287,"column":null}},"52":{"start":{"line":318,"column":16},"end":{"line":319,"column":null}},"53":{"start":{"line":320,"column":33},"end":{"line":320,"column":null}},"54":{"start":{"line":385,"column":48},"end":{"line":385,"column":73}},"55":{"start":{"line":402,"column":35},"end":{"line":402,"column":null}}},"fnMap":{"0":{"name":"NewAppointmentPage","decl":{"start":{"line":34,"column":24},"end":{"line":34,"column":null}},"loc":{"start":{"line":34,"column":24},"end":{"line":446,"column":null}}},"1":{"name":"(anonymous_3)","decl":{"start":{"line":55,"column":31},"end":{"line":55,"column":32}},"loc":{"start":{"line":55,"column":38},"end":{"line":55,"column":null}}},"2":{"name":"(anonymous_4)","decl":{"start":{"line":58,"column":54},"end":{"line":58,"column":55}},"loc":{"start":{"line":58,"column":61},"end":{"line":58,"column":93}}},"3":{"name":"(anonymous_5)","decl":{"start":{"line":59,"column":44},"end":{"line":59,"column":45}},"loc":{"start":{"line":59,"column":51},"end":{"line":59,"column":78}}},"4":{"name":"(anonymous_6)","decl":{"start":{"line":61,"column":21},"end":{"line":61,"column":null}},"loc":{"start":{"line":61,"column":21},"end":{"line":63,"column":null}}},"5":{"name":"(anonymous_7)","decl":{"start":{"line":65,"column":21},"end":{"line":65,"column":null}},"loc":{"start":{"line":65,"column":21},"end":{"line":67,"column":null}}},"6":{"name":"(anonymous_8)","decl":{"start":{"line":69,"column":23},"end":{"line":69,"column":null}},"loc":{"start":{"line":69,"column":23},"end":{"line":73,"column":null}}},"7":{"name":"(anonymous_9)","decl":{"start":{"line":75,"column":27},"end":{"line":75,"column":28}},"loc":{"start":{"line":75,"column":28},"end":{"line":84,"column":null}}},"8":{"name":"(anonymous_10)","decl":{"start":{"line":99,"column":21},"end":{"line":99,"column":22}},"loc":{"start":{"line":99,"column":25},"end":{"line":135,"column":null}}},"9":{"name":"(anonymous_11)","decl":{"start":{"line":147,"column":31},"end":{"line":147,"column":32}},"loc":{"start":{"line":148,"column":16},"end":{"line":149,"column":null}}},"10":{"name":"(anonymous_12)","decl":{"start":{"line":150,"column":27},"end":{"line":150,"column":33}},"loc":{"start":{"line":150,"column":33},"end":{"line":150,"column":null}}},"11":{"name":"(anonymous_13)","decl":{"start":{"line":159,"column":46},"end":{"line":159,"column":47}},"loc":{"start":{"line":159,"column":53},"end":{"line":159,"column":86}}},"12":{"name":"(anonymous_14)","decl":{"start":{"line":177,"column":41},"end":{"line":177,"column":42}},"loc":{"start":{"line":178,"column":16},"end":{"line":179,"column":null}}},"13":{"name":"(anonymous_15)","decl":{"start":{"line":180,"column":27},"end":{"line":180,"column":33}},"loc":{"start":{"line":180,"column":33},"end":{"line":180,"column":null}}},"14":{"name":"(anonymous_16)","decl":{"start":{"line":229,"column":38},"end":{"line":229,"column":39}},"loc":{"start":{"line":230,"column":18},"end":{"line":231,"column":null}}},"15":{"name":"(anonymous_17)","decl":{"start":{"line":232,"column":29},"end":{"line":232,"column":35}},"loc":{"start":{"line":232,"column":35},"end":{"line":232,"column":null}}},"16":{"name":"(anonymous_18)","decl":{"start":{"line":252,"column":42},"end":{"line":252,"column":43}},"loc":{"start":{"line":252,"column":43},"end":{"line":273,"column":null}}},"17":{"name":"(anonymous_19)","decl":{"start":{"line":257,"column":31},"end":{"line":257,"column":37}},"loc":{"start":{"line":257,"column":37},"end":{"line":257,"column":null}}},"18":{"name":"(anonymous_20)","decl":{"start":{"line":284,"column":33},"end":{"line":284,"column":34}},"loc":{"start":{"line":285,"column":20},"end":{"line":286,"column":null}}},"19":{"name":"(anonymous_21)","decl":{"start":{"line":287,"column":31},"end":{"line":287,"column":37}},"loc":{"start":{"line":287,"column":37},"end":{"line":287,"column":null}}},"20":{"name":"(anonymous_22)","decl":{"start":{"line":317,"column":45},"end":{"line":317,"column":46}},"loc":{"start":{"line":318,"column":16},"end":{"line":319,"column":null}}},"21":{"name":"(anonymous_23)","decl":{"start":{"line":320,"column":27},"end":{"line":320,"column":33}},"loc":{"start":{"line":320,"column":33},"end":{"line":320,"column":null}}},"22":{"name":"(anonymous_24)","decl":{"start":{"line":385,"column":41},"end":{"line":385,"column":42}},"loc":{"start":{"line":385,"column":48},"end":{"line":385,"column":73}}},"23":{"name":"(anonymous_25)","decl":{"start":{"line":402,"column":28},"end":{"line":402,"column":29}},"loc":{"start":{"line":402,"column":35},"end":{"line":402,"column":null}}}},"branchMap":{"0":{"loc":{"start":{"line":54,"column":32},"end":{"line":56,"column":23}},"type":"cond-expr","locations":[{"start":{"line":55,"column":6},"end":{"line":55,"column":null}},{"start":{"line":56,"column":6},"end":{"line":56,"column":23}}]},"1":{"loc":{"start":{"line":62,"column":4},"end":{"line":62,"column":null}},"type":"if","locations":[{"start":{"line":62,"column":4},"end":{"line":62,"column":null}},{"start":{},"end":{}}]},"2":{"loc":{"start":{"line":66,"column":4},"end":{"line":66,"column":null}},"type":"if","locations":[{"start":{"line":66,"column":4},"end":{"line":66,"column":null}},{"start":{},"end":{}}]},"3":{"loc":{"start":{"line":109,"column":22},"end":{"line":113,"column":null}},"type":"cond-expr","locations":[{"start":{"line":110,"column":26},"end":{"line":110,"column":null}},{"start":{"line":111,"column":26},"end":{"line":113,"column":null}}]},"4":{"loc":{"start":{"line":111,"column":26},"end":{"line":113,"column":null}},"type":"cond-expr","locations":[{"start":{"line":112,"column":26},"end":{"line":112,"column":null}},{"start":{"line":113,"column":26},"end":{"line":113,"column":null}}]},"5":{"loc":{"start":{"line":116,"column":35},"end":{"line":116,"column":68}},"type":"cond-expr","locations":[{"start":{"line":116,"column":35},"end":{"line":116,"column":68}}]},"6":{"loc":{"start":{"line":120,"column":22},"end":{"line":120,"column":null}},"type":"cond-expr","locations":[{"start":{"line":120,"column":48},"end":{"line":120,"column":78}},{"start":{"line":120,"column":78},"end":{"line":120,"column":null}}]},"7":{"loc":{"start":{"line":120,"column":22},"end":{"line":120,"column":48}},"type":"binary-expr","locations":[{"start":{"line":120,"column":22},"end":{"line":120,"column":34}},{"start":{"line":120,"column":34},"end":{"line":120,"column":48}}]},"8":{"loc":{"start":{"line":126,"column":17},"end":{"line":126,"column":null}},"type":"binary-expr","locations":[{"start":{"line":126,"column":17},"end":{"line":126,"column":null}}]},"9":{"loc":{"start":{"line":129,"column":22},"end":{"line":129,"column":null}},"type":"cond-expr","locations":[{"start":{"line":129,"column":36},"end":{"line":129,"column":55}},{"start":{"line":129,"column":55},"end":{"line":129,"column":null}}]},"10":{"loc":{"start":{"line":141,"column":9},"end":{"line":141,"column":null}},"type":"binary-expr","locations":[{"start":{"line":141,"column":9},"end":{"line":141,"column":null}}]},"11":{"loc":{"start":{"line":152,"column":20},"end":{"line":154,"column":null}},"type":"cond-expr","locations":[{"start":{"line":153,"column":24},"end":{"line":153,"column":null}},{"start":{"line":154,"column":24},"end":{"line":154,"column":null}}]},"12":{"loc":{"start":{"line":168,"column":9},"end":{"line":168,"column":null}},"type":"binary-expr","locations":[{"start":{"line":168,"column":9},"end":{"line":168,"column":null}}]},"13":{"loc":{"start":{"line":174,"column":62},"end":{"line":174,"column":null}},"type":"binary-expr","locations":[{"start":{"line":174,"column":62},"end":{"line":174,"column":80}},{"start":{"line":174,"column":84},"end":{"line":174,"column":null}}]},"14":{"loc":{"start":{"line":182,"column":20},"end":{"line":184,"column":null}},"type":"cond-expr","locations":[{"start":{"line":183,"column":24},"end":{"line":183,"column":null}},{"start":{"line":184,"column":24},"end":{"line":184,"column":null}}]},"15":{"loc":{"start":{"line":200,"column":23},"end":{"line":200,"column":31}},"type":"binary-expr","locations":[{"start":{"line":200,"column":23},"end":{"line":200,"column":31}}]},"16":{"loc":{"start":{"line":217,"column":9},"end":{"line":217,"column":null}},"type":"binary-expr","locations":[{"start":{"line":217,"column":9},"end":{"line":217,"column":null}}]},"17":{"loc":{"start":{"line":234,"column":22},"end":{"line":236,"column":null}},"type":"cond-expr","locations":[{"start":{"line":235,"column":26},"end":{"line":235,"column":null}},{"start":{"line":236,"column":26},"end":{"line":236,"column":null}}]},"18":{"loc":{"start":{"line":259,"column":24},"end":{"line":261,"column":null}},"type":"cond-expr","locations":[{"start":{"line":260,"column":28},"end":{"line":260,"column":null}},{"start":{"line":261,"column":28},"end":{"line":261,"column":null}}]},"19":{"loc":{"start":{"line":278,"column":13},"end":{"line":278,"column":26}},"type":"binary-expr","locations":[{"start":{"line":278,"column":13},"end":{"line":278,"column":26}}]},"20":{"loc":{"start":{"line":289,"column":24},"end":{"line":291,"column":null}},"type":"cond-expr","locations":[{"start":{"line":290,"column":28},"end":{"line":290,"column":null}},{"start":{"line":291,"column":28},"end":{"line":291,"column":null}}]},"21":{"loc":{"start":{"line":304,"column":9},"end":{"line":304,"column":null}},"type":"binary-expr","locations":[{"start":{"line":304,"column":9},"end":{"line":304,"column":null}}]},"22":{"loc":{"start":{"line":322,"column":20},"end":{"line":324,"column":null}},"type":"cond-expr","locations":[{"start":{"line":323,"column":24},"end":{"line":323,"column":null}},{"start":{"line":324,"column":24},"end":{"line":324,"column":null}}]},"23":{"loc":{"start":{"line":337,"column":21},"end":{"line":337,"column":42}},"type":"binary-expr","locations":[{"start":{"line":337,"column":21},"end":{"line":337,"column":42}}]},"24":{"loc":{"start":{"line":349,"column":9},"end":{"line":349,"column":null}},"type":"binary-expr","locations":[{"start":{"line":349,"column":9},"end":{"line":349,"column":null}}]},"25":{"loc":{"start":{"line":374,"column":19},"end":{"line":380,"column":null}},"type":"binary-expr","locations":[{"start":{"line":374,"column":19},"end":{"line":374,"column":32}},{"start":{"line":375,"column":20},"end":{"line":380,"column":null}}]},"26":{"loc":{"start":{"line":424,"column":10},"end":{"line":438,"column":11}},"type":"cond-expr","locations":[{"start":{"line":424,"column":10},"end":{"line":438,"column":11}}]},"27":{"loc":{"start":{"line":427,"column":14},"end":{"line":430,"column":48}},"type":"binary-expr","locations":[{"start":{"line":427,"column":14},"end":{"line":427,"column":29}},{"start":{"line":427,"column":29},"end":{"line":427,"column":48}},{"start":{"line":428,"column":15},"end":{"line":428,"column":29}},{"start":{"line":428,"column":29},"end":{"line":428,"column":53}},{"start":{"line":429,"column":15},"end":{"line":429,"column":30}},{"start":{"line":429,"column":30},"end":{"line":429,"column":44}},{"start":{"line":429,"column":48},"end":{"line":429,"column":62}},{"start":{"line":430,"column":15},"end":{"line":430,"column":29}},{"start":{"line":430,"column":29},"end":{"line":430,"column":48}}]}},"s":{"0":0,"1":0,"2":0,"3":0,"4":0,"5":0,"6":0,"7":0,"8":0,"9":0,"10":0,"11":0,"12":0,"13":0,"14":0,"15":0,"16":0,"17":0,"18":0,"19":0,"20":0,"21":0,"22":0,"23":0,"24":0,"25":0,"26":0,"27":0,"28":0,"29":0,"30":0,"31":0,"32":0,"33":0,"34":0,"35":0,"36":0,"37":0,"38":0,"39":0,"40":0,"41":0,"42":0,"43":0,"44":0,"45":0,"46":0,"47":0,"48":0,"49":0,"50":0,"51":0,"52":0,"53":0,"54":0,"55":0},"f":{"0":0,"1":0,"2":0,"3":0,"4":0,"5":0,"6":0,"7":0,"8":0,"9":0,"10":0,"11":0,"12":0,"13":0,"14":0,"15":0,"16":0,"17":0,"18":0,"19":0,"20":0,"21":0,"22":0,"23":0},"b":{"0":[0,0],"1":[0,0],"2":[0,0],"3":[0,0],"4":[0,0],"5":[0],"6":[0,0],"7":[0,0],"8":[0],"9":[0,0],"10":[0],"11":[0,0],"12":[0],"13":[0,0],"14":[0,0],"15":[0],"16":[0],"17":[0,0],"18":[0,0],"19":[0],"20":[0,0],"21":[0],"22":[0,0],"23":[0],"24":[0],"25":[0,0],"26":[0],"27":[0,0,0,0,0,0,0,0,0]}}
,"C:\\Users\\gabri\\Desktop\\PORTIFOLIO\\appoitment-system\\app\\[locale]\\calendar\\page.tsx": {"path":"C:\\Users\\gabri\\Desktop\\PORTIFOLIO\\appoitment-system\\app\\[locale]\\calendar\\page.tsx","statementMap":{"0":{"start":{"line":10,"column":24},"end":{"line":10,"column":null}},"1":{"start":{"line":3,"column":36},"end":{"line":3,"column":null}},"2":{"start":{"line":4,"column":66},"end":{"line":4,"column":null}},"3":{"start":{"line":5,"column":82},"end":{"line":5,"column":null}},"4":{"start":{"line":6,"column":17},"end":{"line":6,"column":null}},"5":{"start":{"line":11,"column":34},"end":{"line":11,"column":null}},"6":{"start":{"line":12,"column":40},"end":{"line":12,"column":null}},"7":{"start":{"line":13,"column":42},"end":{"line":13,"column":null}},"8":{"start":{"line":14,"column":42},"end":{"line":14,"column":null}},"9":{"start":{"line":16,"column":2},"end":{"line":23,"column":null}},"10":{"start":{"line":17,"column":21},"end":{"line":21,"column":null}},"11":{"start":{"line":17,"column":52},"end":{"line":21,"column":null}},"12":{"start":{"line":19,"column":40},"end":{"line":19,"column":62}},"13":{"start":{"line":20,"column":50},"end":{"line":20,"column":77}},"14":{"start":{"line":22,"column":4},"end":{"line":22,"column":null}},"15":{"start":{"line":25,"column":25},"end":{"line":53,"column":null}},"16":{"start":{"line":26,"column":17},"end":{"line":26,"column":null}},"17":{"start":{"line":27,"column":18},"end":{"line":27,"column":null}},"18":{"start":{"line":28,"column":21},"end":{"line":28,"column":null}},"19":{"start":{"line":29,"column":20},"end":{"line":29,"column":null}},"20":{"start":{"line":30,"column":24},"end":{"line":30,"column":null}},"21":{"start":{"line":31,"column":30},"end":{"line":31,"column":null}},"22":{"start":{"line":33,"column":17},"end":{"line":33,"column":19}},"23":{"start":{"line":36,"column":4},"end":{"line":39,"column":null}},"24":{"start":{"line":36,"column":17},"end":{"line":36,"column":20}},"25":{"start":{"line":37,"column":23},"end":{"line":37,"column":null}},"26":{"start":{"line":38,"column":6},"end":{"line":38,"column":null}},"27":{"start":{"line":42,"column":4},"end":{"line":44,"column":null}},"28":{"start":{"line":42,"column":17},"end":{"line":42,"column":20}},"29":{"start":{"line":43,"column":6},"end":{"line":43,"column":null}},"30":{"start":{"line":47,"column":26},"end":{"line":47,"column":42}},"31":{"start":{"line":48,"column":4},"end":{"line":50,"column":null}},"32":{"start":{"line":48,"column":17},"end":{"line":48,"column":20}},"33":{"start":{"line":49,"column":6},"end":{"line":49,"column":null}},"34":{"start":{"line":52,"column":4},"end":{"line":52,"column":null}},"35":{"start":{"line":55,"column":33},"end":{"line":64,"column":null}},"36":{"start":{"line":56,"column":4},"end":{"line":63,"column":null}},"37":{"start":{"line":57,"column":22},"end":{"line":57,"column":null}},"38":{"start":{"line":58,"column":6},"end":{"line":61,"column":null}},"39":{"start":{"line":66,"column":25},"end":{"line":74,"column":null}},"40":{"start":{"line":67,"column":4},"end":{"line":73,"column":null}},"41":{"start":{"line":68,"column":6},"end":{"line":68,"column":null}},"42":{"start":{"line":69,"column":11},"end":{"line":73,"column":null}},"43":{"start":{"line":70,"column":6},"end":{"line":70,"column":null}},"44":{"start":{"line":72,"column":6},"end":{"line":72,"column":null}},"45":{"start":{"line":76,"column":21},"end":{"line":84,"column":null}},"46":{"start":{"line":77,"column":4},"end":{"line":83,"column":null}},"47":{"start":{"line":78,"column":6},"end":{"line":78,"column":null}},"48":{"start":{"line":79,"column":11},"end":{"line":83,"column":null}},"49":{"start":{"line":80,"column":6},"end":{"line":80,"column":null}},"50":{"start":{"line":82,"column":6},"end":{"line":82,"column":null}},"51":{"start":{"line":86,"column":22},"end":{"line":88,"column":null}},"52":{"start":{"line":87,"column":4},"end":{"line":87,"column":null}},"53":{"start":{"line":90,"column":20},"end":{"line":90,"column":null}},"54":{"start":{"line":92,"column":15},"end":{"line":92,"column":null}},"55":{"start":{"line":136,"column":31},"end":{"line":136,"column":null}},"56":{"start":{"line":146,"column":31},"end":{"line":146,"column":null}},"57":{"start":{"line":156,"column":31},"end":{"line":156,"column":null}},"58":{"start":{"line":176,"column":14},"end":{"line":176,"column":29}},"59":{"start":{"line":185,"column":38},"end":{"line":185,"column":null}},"60":{"start":{"line":187,"column":16},"end":{"line":189,"column":null}},"61":{"start":{"line":191,"column":14},"end":{"line":193,"column":null}},"62":{"start":{"line":197,"column":33},"end":{"line":197,"column":null}},"63":{"start":{"line":220,"column":22},"end":{"line":221,"column":null}},"64":{"start":{"line":261,"column":50},"end":{"line":261,"column":57}},"65":{"start":{"line":262,"column":30},"end":{"line":262,"column":70}},"66":{"start":{"line":263,"column":39},"end":{"line":264,"column":null}},"67":{"start":{"line":264,"column":25},"end":{"line":264,"column":null}},"68":{"start":{"line":267,"column":14},"end":{"line":268,"column":32}},"69":{"start":{"line":274,"column":22},"end":{"line":275,"column":null}},"70":{"start":{"line":334,"column":12},"end":{"line":334,"column":31}}},"fnMap":{"0":{"name":"CalendarPage","decl":{"start":{"line":10,"column":24},"end":{"line":10,"column":null}},"loc":{"start":{"line":10,"column":24},"end":{"line":348,"column":null}}},"1":{"name":"(anonymous_3)","decl":{"start":{"line":16,"column":12},"end":{"line":16,"column":null}},"loc":{"start":{"line":16,"column":12},"end":{"line":23,"column":5}}},"2":{"name":"(anonymous_4)","decl":{"start":{"line":17,"column":42},"end":{"line":17,"column":43}},"loc":{"start":{"line":17,"column":52},"end":{"line":21,"column":null}}},"3":{"name":"(anonymous_5)","decl":{"start":{"line":19,"column":33},"end":{"line":19,"column":34}},"loc":{"start":{"line":19,"column":40},"end":{"line":19,"column":62}}},"4":{"name":"(anonymous_6)","decl":{"start":{"line":20,"column":43},"end":{"line":20,"column":44}},"loc":{"start":{"line":20,"column":50},"end":{"line":20,"column":77}}},"5":{"name":"(anonymous_7)","decl":{"start":{"line":25,"column":25},"end":{"line":25,"column":26}},"loc":{"start":{"line":25,"column":26},"end":{"line":53,"column":null}}},"6":{"name":"(anonymous_8)","decl":{"start":{"line":55,"column":33},"end":{"line":55,"column":34}},"loc":{"start":{"line":55,"column":34},"end":{"line":64,"column":null}}},"7":{"name":"(anonymous_9)","decl":{"start":{"line":56,"column":31},"end":{"line":56,"column":32}},"loc":{"start":{"line":56,"column":32},"end":{"line":63,"column":null}}},"8":{"name":"(anonymous_10)","decl":{"start":{"line":66,"column":25},"end":{"line":66,"column":null}},"loc":{"start":{"line":66,"column":25},"end":{"line":74,"column":null}}},"9":{"name":"(anonymous_11)","decl":{"start":{"line":76,"column":21},"end":{"line":76,"column":null}},"loc":{"start":{"line":76,"column":21},"end":{"line":84,"column":null}}},"10":{"name":"(anonymous_12)","decl":{"start":{"line":86,"column":22},"end":{"line":86,"column":null}},"loc":{"start":{"line":86,"column":22},"end":{"line":88,"column":null}}},"11":{"name":"(anonymous_13)","decl":{"start":{"line":136,"column":25},"end":{"line":136,"column":31}},"loc":{"start":{"line":136,"column":31},"end":{"line":136,"column":null}}},"12":{"name":"(anonymous_14)","decl":{"start":{"line":146,"column":25},"end":{"line":146,"column":31}},"loc":{"start":{"line":146,"column":31},"end":{"line":146,"column":null}}},"13":{"name":"(anonymous_15)","decl":{"start":{"line":156,"column":25},"end":{"line":156,"column":31}},"loc":{"start":{"line":156,"column":31},"end":{"line":156,"column":null}}},"14":{"name":"(anonymous_16)","decl":{"start":{"line":175,"column":67},"end":{"line":175,"column":68}},"loc":{"start":{"line":176,"column":14},"end":{"line":176,"column":29}}},"15":{"name":"(anonymous_17)","decl":{"start":{"line":184,"column":22},"end":{"line":184,"column":23}},"loc":{"start":{"line":184,"column":28},"end":{"line":241,"column":null}}},"16":{"name":"(anonymous_18)","decl":{"start":{"line":197,"column":27},"end":{"line":197,"column":33}},"loc":{"start":{"line":197,"column":33},"end":{"line":197,"column":null}}},"17":{"name":"(anonymous_19)","decl":{"start":{"line":219,"column":53},"end":{"line":219,"column":54}},"loc":{"start":{"line":220,"column":22},"end":{"line":221,"column":null}}},"18":{"name":"(anonymous_20)","decl":{"start":{"line":261,"column":40},"end":{"line":261,"column":41}},"loc":{"start":{"line":261,"column":50},"end":{"line":261,"column":57}}},"19":{"name":"(anonymous_21)","decl":{"start":{"line":261,"column":61},"end":{"line":261,"column":62}},"loc":{"start":{"line":261,"column":62},"end":{"line":315,"column":null}}},"20":{"name":"(anonymous_22)","decl":{"start":{"line":264,"column":16},"end":{"line":264,"column":17}},"loc":{"start":{"line":264,"column":25},"end":{"line":264,"column":null}}},"21":{"name":"(anonymous_23)","decl":{"start":{"line":273,"column":42},"end":{"line":273,"column":43}},"loc":{"start":{"line":274,"column":22},"end":{"line":275,"column":null}}},"22":{"name":"(anonymous_24)","decl":{"start":{"line":333,"column":46},"end":{"line":333,"column":47}},"loc":{"start":{"line":334,"column":12},"end":{"line":334,"column":31}}}},"branchMap":{"0":{"loc":{"start":{"line":59,"column":8},"end":{"line":61,"column":null}},"type":"binary-expr","locations":[{"start":{"line":59,"column":8},"end":{"line":59,"column":null}},{"start":{"line":60,"column":8},"end":{"line":60,"column":null}},{"start":{"line":61,"column":8},"end":{"line":61,"column":null}}]},"1":{"loc":{"start":{"line":67,"column":4},"end":{"line":73,"column":null}},"type":"if","locations":[{"start":{"line":67,"column":4},"end":{"line":73,"column":null}},{"start":{"line":69,"column":11},"end":{"line":73,"column":null}}]},"2":{"loc":{"start":{"line":69,"column":11},"end":{"line":73,"column":null}},"type":"if","locations":[{"start":{"line":69,"column":11},"end":{"line":73,"column":null}},{"start":{"line":71,"column":11},"end":{"line":73,"column":null}}]},"3":{"loc":{"start":{"line":77,"column":4},"end":{"line":83,"column":null}},"type":"if","locations":[{"start":{"line":77,"column":4},"end":{"line":83,"column":null}},{"start":{"line":79,"column":11},"end":{"line":83,"column":null}}]},"4":{"loc":{"start":{"line":79,"column":11},"end":{"line":83,"column":null}},"type":"if","locations":[{"start":{"line":79,"column":11},"end":{"line":83,"column":null}},{"start":{"line":81,"column":11},"end":{"line":83,"column":null}}]},"5":{"loc":{"start":{"line":138,"column":18},"end":{"line":140,"column":null}},"type":"cond-expr","locations":[{"start":{"line":139,"column":22},"end":{"line":139,"column":null}},{"start":{"line":140,"column":22},"end":{"line":140,"column":null}}]},"6":{"loc":{"start":{"line":148,"column":18},"end":{"line":150,"column":null}},"type":"cond-expr","locations":[{"start":{"line":149,"column":22},"end":{"line":149,"column":null}},{"start":{"line":150,"column":22},"end":{"line":150,"column":null}}]},"7":{"loc":{"start":{"line":158,"column":18},"end":{"line":160,"column":null}},"type":"cond-expr","locations":[{"start":{"line":159,"column":22},"end":{"line":159,"column":null}},{"start":{"line":160,"column":22},"end":{"line":160,"column":null}}]},"8":{"loc":{"start":{"line":171,"column":7},"end":{"line":171,"column":null}},"type":"binary-expr","locations":[{"start":{"line":171,"column":7},"end":{"line":171,"column":null}}]},"9":{"loc":{"start":{"line":187,"column":16},"end":{"line":189,"column":null}},"type":"binary-expr","locations":[{"start":{"line":187,"column":16},"end":{"line":187,"column":null}},{"start":{"line":188,"column":16},"end":{"line":188,"column":null}},{"start":{"line":189,"column":16},"end":{"line":189,"column":null}}]},"10":{"loc":{"start":{"line":195,"column":20},"end":{"line":195,"column":null}},"type":"cond-expr","locations":[{"start":{"line":195,"column":42},"end":{"line":195,"column":57}},{"start":{"line":195,"column":57},"end":{"line":195,"column":null}}]},"11":{"loc":{"start":{"line":196,"column":22},"end":{"line":196,"column":53}},"type":"cond-expr","locations":[{"start":{"line":196,"column":32},"end":{"line":196,"column":50}},{"start":{"line":196,"column":50},"end":{"line":196,"column":53}}]},"12":{"loc":{"start":{"line":202,"column":24},"end":{"line":206,"column":null}},"type":"cond-expr","locations":[{"start":{"line":203,"column":28},"end":{"line":203,"column":null}},{"start":{"line":204,"column":28},"end":{"line":206,"column":null}}]},"13":{"loc":{"start":{"line":204,"column":28},"end":{"line":206,"column":null}},"type":"cond-expr","locations":[{"start":{"line":205,"column":28},"end":{"line":205,"column":null}},{"start":{"line":206,"column":28},"end":{"line":206,"column":null}}]},"14":{"loc":{"start":{"line":211,"column":21},"end":{"line":211,"column":null}},"type":"binary-expr","locations":[{"start":{"line":211,"column":21},"end":{"line":211,"column":null}}]},"15":{"loc":{"start":{"line":233,"column":21},"end":{"line":233,"column":null}},"type":"binary-expr","locations":[{"start":{"line":233,"column":21},"end":{"line":233,"column":null}}]},"16":{"loc":{"start":{"line":247,"column":7},"end":{"line":247,"column":null}},"type":"binary-expr","locations":[{"start":{"line":247,"column":7},"end":{"line":247,"column":null}}]},"17":{"loc":{"start":{"line":296,"column":30},"end":{"line":300,"column":null}},"type":"cond-expr","locations":[{"start":{"line":297,"column":34},"end":{"line":297,"column":null}},{"start":{"line":298,"column":34},"end":{"line":300,"column":null}}]},"18":{"loc":{"start":{"line":298,"column":34},"end":{"line":300,"column":null}},"type":"cond-expr","locations":[{"start":{"line":299,"column":34},"end":{"line":299,"column":null}},{"start":{"line":300,"column":34},"end":{"line":300,"column":null}}]},"19":{"loc":{"start":{"line":303,"column":29},"end":{"line":307,"column":null}},"type":"cond-expr","locations":[{"start":{"line":304,"column":32},"end":{"line":304,"column":null}},{"start":{"line":305,"column":32},"end":{"line":307,"column":null}}]},"20":{"loc":{"start":{"line":305,"column":32},"end":{"line":307,"column":null}},"type":"cond-expr","locations":[{"start":{"line":306,"column":32},"end":{"line":306,"column":null}},{"start":{"line":307,"column":32},"end":{"line":307,"column":null}}]},"21":{"loc":{"start":{"line":321,"column":7},"end":{"line":321,"column":null}},"type":"binary-expr","locations":[{"start":{"line":321,"column":7},"end":{"line":321,"column":null}}]}},"s":{"0":4,"1":1,"2":1,"3":1,"4":1,"5":8,"6":8,"7":8,"8":8,"9":8,"10":4,"11":5780,"12":294716,"13":31752,"14":4,"15":8,"16":8,"17":8,"18":8,"19":8,"20":8,"21":8,"22":8,"23":8,"24":8,"25":48,"26":48,"27":8,"28":8,"29":240,"30":8,"31":8,"32":8,"33":48,"34":8,"35":8,"36":336,"37":242760,"38":242760,"39":8,"40":0,"41":0,"42":0,"43":0,"44":0,"45":8,"46":0,"47":0,"48":0,"49":0,"50":0,"51":8,"52":0,"53":8,"54":8,"55":0,"56":0,"57":0,"58":56,"59":336,"60":336,"61":336,"62":0,"63":468,"64":0,"65":0,"66":0,"67":0,"68":0,"69":0,"70":80},"f":{"0":8,"1":4,"2":5780,"3":294716,"4":31752,"5":8,"6":336,"7":242760,"8":0,"9":0,"10":0,"11":0,"12":0,"13":0,"14":56,"15":336,"16":0,"17":468,"18":0,"19":0,"20":0,"21":0,"22":80},"b":{"0":[242760,7872,2076],"1":[0,0],"2":[0,0],"3":[0,0],"4":[0,0],"5":[8,0],"6":[0,8],"7":[0,8],"8":[8],"9":[336,16,8],"10":[96,240],"11":[8,328],"12":[8,328],"13":[232,96],"14":[336],"15":[336],"16":[8],"17":[0,0],"18":[0,0],"19":[0,0],"20":[0,0],"21":[8]}}
,"C:\\Users\\gabri\\Desktop\\PORTIFOLIO\\appoitment-system\\app\\[locale]\\financial\\page.tsx": {"path":"C:\\Users\\gabri\\Desktop\\PORTIFOLIO\\appoitment-system\\app\\[locale]\\financial\\page.tsx","statementMap":{"0":{"start":{"line":6,"column":24},"end":{"line":6,"column":null}},"1":{"start":{"line":3,"column":71},"end":{"line":3,"column":null}},"2":{"start":{"line":4,"column":33},"end":{"line":4,"column":null}},"3":{"start":{"line":7,"column":23},"end":{"line":7,"column":null}},"4":{"start":{"line":7,"column":54},"end":{"line":7,"column":64}},"5":{"start":{"line":7,"column":87},"end":{"line":7,"column":102}},"6":{"start":{"line":8,"column":25},"end":{"line":8,"column":null}},"7":{"start":{"line":8,"column":56},"end":{"line":8,"column":99}},"8":{"start":{"line":8,"column":120},"end":{"line":8,"column":135}},"9":{"start":{"line":94,"column":14},"end":{"line":94,"column":null}},"10":{"start":{"line":121,"column":14},"end":{"line":121,"column":31}},"11":{"start":{"line":159,"column":59},"end":{"line":159,"column":69}},"12":{"start":{"line":160,"column":16},"end":{"line":160,"column":32}}},"fnMap":{"0":{"name":"FinancialPage","decl":{"start":{"line":6,"column":24},"end":{"line":6,"column":null}},"loc":{"start":{"line":6,"column":24},"end":{"line":181,"column":null}}},"1":{"name":"(anonymous_2)","decl":{"start":{"line":7,"column":47},"end":{"line":7,"column":54}},"loc":{"start":{"line":7,"column":54},"end":{"line":7,"column":64}}},"2":{"name":"(anonymous_3)","decl":{"start":{"line":7,"column":73},"end":{"line":7,"column":74}},"loc":{"start":{"line":7,"column":87},"end":{"line":7,"column":102}}},"3":{"name":"(anonymous_4)","decl":{"start":{"line":8,"column":49},"end":{"line":8,"column":56}},"loc":{"start":{"line":8,"column":56},"end":{"line":8,"column":99}}},"4":{"name":"(anonymous_5)","decl":{"start":{"line":8,"column":106},"end":{"line":8,"column":107}},"loc":{"start":{"line":8,"column":120},"end":{"line":8,"column":135}}},"5":{"name":"(anonymous_6)","decl":{"start":{"line":93,"column":18},"end":{"line":93,"column":19}},"loc":{"start":{"line":94,"column":14},"end":{"line":94,"column":null}}},"6":{"name":"(anonymous_7)","decl":{"start":{"line":120,"column":18},"end":{"line":120,"column":19}},"loc":{"start":{"line":121,"column":14},"end":{"line":121,"column":31}}},"7":{"name":"(anonymous_8)","decl":{"start":{"line":159,"column":52},"end":{"line":159,"column":59}},"loc":{"start":{"line":159,"column":59},"end":{"line":159,"column":69}}},"8":{"name":"(anonymous_9)","decl":{"start":{"line":159,"column":75},"end":{"line":159,"column":76}},"loc":{"start":{"line":160,"column":16},"end":{"line":160,"column":32}}}},"branchMap":{"0":{"loc":{"start":{"line":8,"column":56},"end":{"line":8,"column":99}},"type":"binary-expr","locations":[{"start":{"line":8,"column":56},"end":{"line":8,"column":67}},{"start":{"line":8,"column":71},"end":{"line":8,"column":99}}]},"1":{"loc":{"start":{"line":125,"column":20},"end":{"line":125,"column":null}},"type":"cond-expr","locations":[{"start":{"line":125,"column":51},"end":{"line":125,"column":68}},{"start":{"line":125,"column":68},"end":{"line":125,"column":null}}]},"2":{"loc":{"start":{"line":127,"column":21},"end":{"line":127,"column":null}},"type":"cond-expr","locations":[{"start":{"line":127,"column":52},"end":{"line":127,"column":65}},{"start":{"line":127,"column":65},"end":{"line":127,"column":null}}]}},"s":{"0":0,"1":0,"2":0,"3":0,"4":0,"5":0,"6":0,"7":0,"8":0,"9":0,"10":0,"11":0,"12":0},"f":{"0":0,"1":0,"2":0,"3":0,"4":0,"5":0,"6":0,"7":0,"8":0},"b":{"0":[0,0],"1":[0,0],"2":[0,0]}}
,"C:\\Users\\gabri\\Desktop\\PORTIFOLIO\\appoitment-system\\app\\[locale]\\inventory\\page.tsx": {"path":"C:\\Users\\gabri\\Desktop\\PORTIFOLIO\\appoitment-system\\app\\[locale]\\inventory\\page.tsx","statementMap":{"0":{"start":{"line":5,"column":24},"end":{"line":5,"column":null}},"1":{"start":{"line":3,"column":59},"end":{"line":3,"column":null}},"2":{"start":{"line":50,"column":14},"end":{"line":50,"column":31}}},"fnMap":{"0":{"name":"InventoryPage","decl":{"start":{"line":5,"column":24},"end":{"line":5,"column":null}},"loc":{"start":{"line":5,"column":24},"end":{"line":112,"column":null}}},"1":{"name":"(anonymous_2)","decl":{"start":{"line":49,"column":18},"end":{"line":49,"column":19}},"loc":{"start":{"line":50,"column":14},"end":{"line":50,"column":31}}}},"branchMap":{"0":{"loc":{"start":{"line":61,"column":19},"end":{"line":61,"column":null}},"type":"binary-expr","locations":[{"start":{"line":61,"column":19},"end":{"line":61,"column":null}}]}},"s":{"0":0,"1":0,"2":0},"f":{"0":0,"1":0},"b":{"0":[0]}}
,"C:\\Users\\gabri\\Desktop\\PORTIFOLIO\\appoitment-system\\app\\[locale]\\lab-results\\page.tsx": {"path":"C:\\Users\\gabri\\Desktop\\PORTIFOLIO\\appoitment-system\\app\\[locale]\\lab-results\\page.tsx","statementMap":{"0":{"start":{"line":5,"column":24},"end":{"line":5,"column":null}},"1":{"start":{"line":3,"column":51},"end":{"line":3,"column":null}},"2":{"start":{"line":62,"column":12},"end":{"line":62,"column":29}}},"fnMap":{"0":{"name":"LabResultsPage","decl":{"start":{"line":5,"column":24},"end":{"line":5,"column":null}},"loc":{"start":{"line":5,"column":24},"end":{"line":98,"column":null}}},"1":{"name":"(anonymous_2)","decl":{"start":{"line":61,"column":16},"end":{"line":61,"column":17}},"loc":{"start":{"line":62,"column":12},"end":{"line":62,"column":29}}}},"branchMap":{"0":{"loc":{"start":{"line":79,"column":20},"end":{"line":81,"column":null}},"type":"cond-expr","locations":[{"start":{"line":79,"column":52},"end":{"line":79,"column":null}},{"start":{"line":80,"column":20},"end":{"line":81,"column":null}}]},"1":{"loc":{"start":{"line":80,"column":20},"end":{"line":81,"column":null}},"type":"cond-expr","locations":[{"start":{"line":80,"column":51},"end":{"line":80,"column":null}},{"start":{"line":81,"column":20},"end":{"line":81,"column":null}}]},"2":{"loc":{"start":{"line":85,"column":19},"end":{"line":85,"column":null}},"type":"binary-expr","locations":[{"start":{"line":85,"column":19},"end":{"line":85,"column":null}}]}},"s":{"0":0,"1":0,"2":0},"f":{"0":0,"1":0},"b":{"0":[0,0],"1":[0,0],"2":[0]}}
,"C:\\Users\\gabri\\Desktop\\PORTIFOLIO\\appoitment-system\\app\\[locale]\\notifications\\page.tsx": {"path":"C:\\Users\\gabri\\Desktop\\PORTIFOLIO\\appoitment-system\\app\\[locale]\\notifications\\page.tsx","statementMap":{"0":{"start":{"line":7,"column":24},"end":{"line":7,"column":null}},"1":{"start":{"line":3,"column":25},"end":{"line":3,"column":null}},"2":{"start":{"line":4,"column":34},"end":{"line":4,"column":null}},"3":{"start":{"line":5,"column":46},"end":{"line":5,"column":null}},"4":{"start":{"line":8,"column":44},"end":{"line":8,"column":null}},"5":{"start":{"line":9,"column":30},"end":{"line":9,"column":null}},"6":{"start":{"line":11,"column":32},"end":{"line":13,"column":null}},"7":{"start":{"line":12,"column":32},"end":{"line":12,"column":39}},"8":{"start":{"line":15,"column":21},"end":{"line":19,"column":null}},"9":{"start":{"line":16,"column":4},"end":{"line":17,"column":null}},"10":{"start":{"line":17,"column":6},"end":{"line":17,"column":null}},"11":{"start":{"line":21,"column":24},"end":{"line":23,"column":null}},"12":{"start":{"line":22,"column":4},"end":{"line":22,"column":null}},"13":{"start":{"line":22,"column":45},"end":{"line":22,"column":null}},"14":{"start":{"line":25,"column":29},"end":{"line":27,"column":null}},"15":{"start":{"line":26,"column":4},"end":{"line":26,"column":null}},"16":{"start":{"line":26,"column":47},"end":{"line":26,"column":null}},"17":{"start":{"line":29,"column":30},"end":{"line":40,"column":null}},"18":{"start":{"line":30,"column":45},"end":{"line":38,"column":null}},"19":{"start":{"line":39,"column":4},"end":{"line":39,"column":null}},"20":{"start":{"line":42,"column":27},"end":{"line":46,"column":null}},"21":{"start":{"line":43,"column":4},"end":{"line":45,"column":null}},"22":{"start":{"line":54,"column":39},"end":{"line":54,"column":46}},"23":{"start":{"line":68,"column":29},"end":{"line":68,"column":null}},"24":{"start":{"line":78,"column":29},"end":{"line":78,"column":null}},"25":{"start":{"line":85,"column":52},"end":{"line":85,"column":59}},"26":{"start":{"line":107,"column":12},"end":{"line":108,"column":null}},"27":{"start":{"line":141,"column":41},"end":{"line":141,"column":null}},"28":{"start":{"line":149,"column":39},"end":{"line":149,"column":null}}},"fnMap":{"0":{"name":"NotificationsPage","decl":{"start":{"line":7,"column":24},"end":{"line":7,"column":null}},"loc":{"start":{"line":7,"column":24},"end":{"line":165,"column":null}}},"1":{"name":"(anonymous_2)","decl":{"start":{"line":12,"column":27},"end":{"line":12,"column":32}},"loc":{"start":{"line":12,"column":32},"end":{"line":12,"column":39}}},"2":{"name":"(anonymous_3)","decl":{"start":{"line":15,"column":21},"end":{"line":15,"column":22}},"loc":{"start":{"line":15,"column":22},"end":{"line":19,"column":null}}},"3":{"name":"(anonymous_4)","decl":{"start":{"line":16,"column":39},"end":{"line":16,"column":null}},"loc":{"start":{"line":17,"column":6},"end":{"line":17,"column":null}}},"4":{"name":"(anonymous_5)","decl":{"start":{"line":21,"column":24},"end":{"line":21,"column":null}},"loc":{"start":{"line":21,"column":24},"end":{"line":23,"column":null}}},"5":{"name":"(anonymous_6)","decl":{"start":{"line":22,"column":39},"end":{"line":22,"column":45}},"loc":{"start":{"line":22,"column":45},"end":{"line":22,"column":null}}},"6":{"name":"(anonymous_7)","decl":{"start":{"line":25,"column":29},"end":{"line":25,"column":30}},"loc":{"start":{"line":25,"column":30},"end":{"line":27,"column":null}}},"7":{"name":"(anonymous_8)","decl":{"start":{"line":26,"column":42},"end":{"line":26,"column":47}},"loc":{"start":{"line":26,"column":47},"end":{"line":26,"column":null}}},"8":{"name":"(anonymous_9)","decl":{"start":{"line":29,"column":30},"end":{"line":29,"column":31}},"loc":{"start":{"line":29,"column":31},"end":{"line":40,"column":null}}},"9":{"name":"(anonymous_10)","decl":{"start":{"line":42,"column":27},"end":{"line":42,"column":28}},"loc":{"start":{"line":42,"column":28},"end":{"line":46,"column":null}}},"10":{"name":"(anonymous_11)","decl":{"start":{"line":54,"column":34},"end":{"line":54,"column":39}},"loc":{"start":{"line":54,"column":39},"end":{"line":54,"column":46}}},"11":{"name":"(anonymous_12)","decl":{"start":{"line":68,"column":23},"end":{"line":68,"column":29}},"loc":{"start":{"line":68,"column":29},"end":{"line":68,"column":null}}},"12":{"name":"(anonymous_13)","decl":{"start":{"line":78,"column":23},"end":{"line":78,"column":29}},"loc":{"start":{"line":78,"column":29},"end":{"line":78,"column":null}}},"13":{"name":"(anonymous_14)","decl":{"start":{"line":85,"column":47},"end":{"line":85,"column":52}},"loc":{"start":{"line":85,"column":52},"end":{"line":85,"column":59}}},"14":{"name":"(anonymous_15)","decl":{"start":{"line":106,"column":36},"end":{"line":106,"column":37}},"loc":{"start":{"line":107,"column":12},"end":{"line":108,"column":null}}},"15":{"name":"(anonymous_16)","decl":{"start":{"line":141,"column":35},"end":{"line":141,"column":41}},"loc":{"start":{"line":141,"column":41},"end":{"line":141,"column":null}}},"16":{"name":"(anonymous_17)","decl":{"start":{"line":149,"column":33},"end":{"line":149,"column":39}},"loc":{"start":{"line":149,"column":39},"end":{"line":149,"column":null}}}},"branchMap":{"0":{"loc":{"start":{"line":11,"column":32},"end":{"line":13,"column":null}},"type":"cond-expr","locations":[{"start":{"line":12,"column":6},"end":{"line":12,"column":null}},{"start":{"line":13,"column":6},"end":{"line":13,"column":null}}]},"1":{"loc":{"start":{"line":17,"column":6},"end":{"line":17,"column":null}},"type":"cond-expr","locations":[{"start":{"line":17,"column":20},"end":{"line":17,"column":43}},{"start":{"line":17,"column":43},"end":{"line":17,"column":null}}]},"2":{"loc":{"start":{"line":39,"column":11},"end":{"line":39,"column":null}},"type":"binary-expr","locations":[{"start":{"line":39,"column":11},"end":{"line":39,"column":22}},{"start":{"line":39,"column":26},"end":{"line":39,"column":null}}]},"3":{"loc":{"start":{"line":43,"column":11},"end":{"line":45,"column":null}},"type":"cond-expr","locations":[{"start":{"line":43,"column":33},"end":{"line":43,"column":null}},{"start":{"line":44,"column":11},"end":{"line":45,"column":null}}]},"4":{"loc":{"start":{"line":44,"column":11},"end":{"line":45,"column":null}},"type":"cond-expr","locations":[{"start":{"line":44,"column":35},"end":{"line":44,"column":null}},{"start":{"line":45,"column":11},"end":{"line":45,"column":null}}]},"5":{"loc":{"start":{"line":70,"column":16},"end":{"line":72,"column":null}},"type":"cond-expr","locations":[{"start":{"line":71,"column":20},"end":{"line":71,"column":null}},{"start":{"line":72,"column":20},"end":{"line":72,"column":null}}]},"6":{"loc":{"start":{"line":80,"column":16},"end":{"line":82,"column":null}},"type":"cond-expr","locations":[{"start":{"line":81,"column":20},"end":{"line":81,"column":null}},{"start":{"line":82,"column":20},"end":{"line":82,"column":null}}]},"7":{"loc":{"start":{"line":100,"column":9},"end":{"line":108,"column":null}},"type":"cond-expr","locations":[{"start":{"line":101,"column":10},"end":{"line":106,"column":32}},{"start":{"line":106,"column":10},"end":{"line":108,"column":null}}]},"8":{"loc":{"start":{"line":110,"column":16},"end":{"line":110,"column":null}},"type":"cond-expr","locations":[{"start":{"line":110,"column":37},"end":{"line":110,"column":51}},{"start":{"line":110,"column":51},"end":{"line":110,"column":null}}]},"9":{"loc":{"start":{"line":118,"column":52},"end":{"line":118,"column":107}},"type":"cond-expr","locations":[{"start":{"line":118,"column":73},"end":{"line":118,"column":91}},{"start":{"line":118,"column":91},"end":{"line":118,"column":107}}]},"10":{"loc":{"start":{"line":121,"column":21},"end":{"line":121,"column":39}},"type":"binary-expr","locations":[{"start":{"line":121,"column":21},"end":{"line":121,"column":39}}]},"11":{"loc":{"start":{"line":139,"column":23},"end":{"line":139,"column":41}},"type":"binary-expr","locations":[{"start":{"line":139,"column":23},"end":{"line":139,"column":41}}]}},"s":{"0":4,"1":1,"2":1,"3":1,"4":4,"5":4,"6":4,"7":0,"8":4,"9":0,"10":0,"11":4,"12":0,"13":0,"14":4,"15":0,"16":0,"17":4,"18":16,"19":16,"20":4,"21":16,"22":16,"23":0,"24":0,"25":16,"26":16,"27":0,"28":0},"f":{"0":4,"1":0,"2":0,"3":0,"4":0,"5":0,"6":0,"7":0,"8":16,"9":16,"10":16,"11":0,"12":0,"13":16,"14":16,"15":0,"16":0},"b":{"0":[0,4],"1":[0,0],"2":[16,0],"3":[4,12],"4":[8,4],"5":[4,0],"6":[0,4],"7":[0,4],"8":[8,8],"9":[8,8],"10":[16],"11":[16]}}
,"C:\\Users\\gabri\\Desktop\\PORTIFOLIO\\appoitment-system\\app\\[locale]\\patients\\page.tsx": {"path":"C:\\Users\\gabri\\Desktop\\PORTIFOLIO\\appoitment-system\\app\\[locale]\\patients\\page.tsx","statementMap":{"0":{"start":{"line":8,"column":24},"end":{"line":8,"column":null}},"1":{"start":{"line":3,"column":36},"end":{"line":3,"column":null}},"2":{"start":{"line":4,"column":47},"end":{"line":4,"column":null}},"3":{"start":{"line":5,"column":74},"end":{"line":5,"column":null}},"4":{"start":{"line":6,"column":17},"end":{"line":6,"column":null}},"5":{"start":{"line":9,"column":34},"end":{"line":9,"column":null}},"6":{"start":{"line":10,"column":50},"end":{"line":10,"column":null}},"7":{"start":{"line":11,"column":38},"end":{"line":11,"column":null}},"8":{"start":{"line":12,"column":48},"end":{"line":12,"column":null}},"9":{"start":{"line":14,"column":2},"end":{"line":25,"column":null}},"10":{"start":{"line":16,"column":21},"end":{"line":21,"column":null}},"11":{"start":{"line":16,"column":52},"end":{"line":21,"column":null}},"12":{"start":{"line":19,"column":17},"end":{"line":19,"column":45}},"13":{"start":{"line":23,"column":4},"end":{"line":23,"column":null}},"14":{"start":{"line":24,"column":4},"end":{"line":24,"column":null}},"15":{"start":{"line":27,"column":2},"end":{"line":41,"column":null}},"16":{"start":{"line":28,"column":4},"end":{"line":40,"column":null}},"17":{"start":{"line":29,"column":23},"end":{"line":35,"column":null}},"18":{"start":{"line":31,"column":10},"end":{"line":35,"column":null}},"19":{"start":{"line":37,"column":6},"end":{"line":37,"column":null}},"20":{"start":{"line":39,"column":6},"end":{"line":39,"column":null}},"21":{"start":{"line":43,"column":23},"end":{"line":52,"column":null}},"22":{"start":{"line":44,"column":18},"end":{"line":44,"column":null}},"23":{"start":{"line":45,"column":18},"end":{"line":45,"column":null}},"24":{"start":{"line":46,"column":14},"end":{"line":46,"column":null}},"25":{"start":{"line":47,"column":22},"end":{"line":47,"column":null}},"26":{"start":{"line":48,"column":4},"end":{"line":50,"column":null}},"27":{"start":{"line":49,"column":6},"end":{"line":49,"column":null}},"28":{"start":{"line":51,"column":4},"end":{"line":51,"column":null}},"29":{"start":{"line":81,"column":33},"end":{"line":81,"column":null}},"30":{"start":{"line":108,"column":36},"end":{"line":108,"column":null}},"31":{"start":{"line":109,"column":28},"end":{"line":109,"column":null}},"32":{"start":{"line":110,"column":16},"end":{"line":112,"column":null}},"33":{"start":{"line":121,"column":36},"end":{"line":121,"column":51}},"34":{"start":{"line":127,"column":36},"end":{"line":127,"column":47}},"35":{"start":{"line":144,"column":18},"end":{"line":145,"column":null}},"36":{"start":{"line":146,"column":35},"end":{"line":146,"column":null}},"37":{"start":{"line":193,"column":28},"end":{"line":194,"column":null}},"38":{"start":{"line":322,"column":30},"end":{"line":322,"column":50}},"39":{"start":{"line":334,"column":30},"end":{"line":334,"column":52}},"40":{"start":{"line":346,"column":30},"end":{"line":346,"column":46}}},"fnMap":{"0":{"name":"PatientsPage","decl":{"start":{"line":8,"column":24},"end":{"line":8,"column":null}},"loc":{"start":{"line":8,"column":24},"end":{"line":403,"column":null}}},"1":{"name":"(anonymous_3)","decl":{"start":{"line":14,"column":12},"end":{"line":14,"column":null}},"loc":{"start":{"line":14,"column":12},"end":{"line":25,"column":5}}},"2":{"name":"(anonymous_4)","decl":{"start":{"line":16,"column":38},"end":{"line":16,"column":39}},"loc":{"start":{"line":16,"column":52},"end":{"line":21,"column":null}}},"3":{"name":"(anonymous_5)","decl":{"start":{"line":19,"column":8},"end":{"line":19,"column":9}},"loc":{"start":{"line":19,"column":17},"end":{"line":19,"column":45}}},"4":{"name":"(anonymous_6)","decl":{"start":{"line":27,"column":12},"end":{"line":27,"column":null}},"loc":{"start":{"line":27,"column":12},"end":{"line":41,"column":5}}},"5":{"name":"(anonymous_7)","decl":{"start":{"line":30,"column":8},"end":{"line":30,"column":9}},"loc":{"start":{"line":31,"column":10},"end":{"line":35,"column":null}}},"6":{"name":"(anonymous_8)","decl":{"start":{"line":43,"column":23},"end":{"line":43,"column":24}},"loc":{"start":{"line":43,"column":24},"end":{"line":52,"column":null}}},"7":{"name":"(anonymous_9)","decl":{"start":{"line":81,"column":26},"end":{"line":81,"column":27}},"loc":{"start":{"line":81,"column":33},"end":{"line":81,"column":null}}},"8":{"name":"(anonymous_10)","decl":{"start":{"line":107,"column":30},"end":{"line":107,"column":31}},"loc":{"start":{"line":107,"column":31},"end":{"line":114,"column":17}}},"9":{"name":"(anonymous_11)","decl":{"start":{"line":121,"column":29},"end":{"line":121,"column":30}},"loc":{"start":{"line":121,"column":36},"end":{"line":121,"column":51}}},"10":{"name":"(anonymous_12)","decl":{"start":{"line":127,"column":29},"end":{"line":127,"column":30}},"loc":{"start":{"line":127,"column":36},"end":{"line":127,"column":47}}},"11":{"name":"(anonymous_13)","decl":{"start":{"line":143,"column":37},"end":{"line":143,"column":38}},"loc":{"start":{"line":144,"column":18},"end":{"line":145,"column":null}}},"12":{"name":"(anonymous_14)","decl":{"start":{"line":146,"column":29},"end
[...]
olumn":null}},"5":{"start":{"line":9,"column":30},"end":{"line":9,"column":null}},"6":{"start":{"line":11,"column":2},"end":{"line":13,"column":null}},"7":{"start":{"line":12,"column":4},"end":{"line":12,"column":null}},"8":{"start":{"line":15,"column":2},"end":{"line":19,"column":null}},"9":{"start":{"line":24,"column":23},"end":{"line":24,"column":null}},"10":{"start":{"line":35,"column":23},"end":{"line":35,"column":null}},"11":{"start":{"line":46,"column":23},"end":{"line":46,"column":null}}},"fnMap":{"0":{"name":"ThemeSwitcher","decl":{"start":{"line":7,"column":16},"end":{"line":7,"column":null}},"loc":{"start":{"line":7,"column":16},"end":{"line":58,"column":null}}},"1":{"name":"(anonymous_2)","decl":{"start":{"line":11,"column":12},"end":{"line":11,"column":null}},"loc":{"start":{"line":11,"column":12},"end":{"line":13,"column":5}}},"2":{"name":"(anonymous_3)","decl":{"start":{"line":24,"column":17},"end":{"line":24,"column":23}},"loc":{"start":{"line":24,"column":23},"end":{"line":24,"column":null}}},"3":{"name":"(anonymous_4)","decl":{"start":{"line":35,"column":17},"end":{"line":35,"column":23}},"loc":{"start":{"line":35,"column":23},"end":{"line":35,"column":null}}},"4":{"name":"(anonymous_5)","decl":{"start":{"line":46,"column":17},"end":{"line":46,"column":23}},"loc":{"start":{"line":46,"column":23},"end":{"line":46,"column":null}}}},"branchMap":{"0":{"loc":{"start":{"line":15,"column":2},"end":{"line":19,"column":null}},"type":"if","locations":[{"start":{"line":15,"column":2},"end":{"line":19,"column":null}},{"start":{},"end":{}}]},"1":{"loc":{"start":{"line":26,"column":10},"end":{"line":28,"column":null}},"type":"cond-expr","locations":[{"start":{"line":27,"column":14},"end":{"line":27,"column":null}},{"start":{"line":28,"column":14},"end":{"line":28,"column":null}}]},"2":{"loc":{"start":{"line":37,"column":10},"end":{"line":39,"column":null}},"type":"cond-expr","locations":[{"start":{"line":38,"column":14},"end":{"line":38,"column":null}},{"start":{"line":39,"column":14},"end":{"line":39,"column":null}}]},"3":{"loc":{"start":{"line":48,"column":10},"end":{"line":50,"column":null}},"type":"cond-expr","locations":[{"start":{"line":49,"column":14},"end":{"line":49,"column":null}},{"start":{"line":50,"column":14},"end":{"line":50,"column":null}}]}},"s":{"0":9,"1":2,"2":2,"3":2,"4":18,"5":18,"6":18,"7":9,"8":18,"9":1,"10":1,"11":1},"f":{"0":18,"1":9,"2":1,"3":1,"4":1},"b":{"0":[9,9],"1":[9,0],"2":[0,9],"3":[0,9]}}
,"C:\\Users\\gabri\\Desktop\\PORTIFOLIO\\appoitment-system\\components\\layout\\Sidebar.tsx": {"path":"C:\\Users\\gabri\\Desktop\\PORTIFOLIO\\appoitment-system\\components\\layout\\Sidebar.tsx","statementMap":{"0":{"start":{"line":22,"column":16},"end":{"line":22,"column":null}},"1":{"start":{"line":3,"column":17},"end":{"line":3,"column":null}},"2":{"start":{"line":4,"column":39},"end":{"line":4,"column":null}},"3":{"start":{"line":18,"column":7},"end":{"line":18,"column":null}},"4":{"start":{"line":19,"column":32},"end":{"line":19,"column":null}},"5":{"start":{"line":20,"column":30},"end":{"line":20,"column":null}},"6":{"start":{"line":23,"column":19},"end":{"line":23,"column":null}},"7":{"start":{"line":24,"column":17},"end":{"line":24,"column":null}},"8":{"start":{"line":25,"column":17},"end":{"line":25,"column":30}},"9":{"start":{"line":26,"column":12},"end":{"line":26,"column":null}},"10":{"start":{"line":28,"column":20},"end":{"line":41,"column":null}},"11":{"start":{"line":60,"column":25},"end":{"line":60,"column":34}},"12":{"start":{"line":61,"column":29},"end":{"line":61,"column":51}},"13":{"start":{"line":63,"column":12},"end":{"line":64,"column":null}}},"fnMap":{"0":{"name":"Sidebar","decl":{"start":{"line":22,"column":16},"end":{"line":22,"column":null}},"loc":{"start":{"line":22,"column":16},"end":{"line":98,"column":null}}},"1":{"name":"(anonymous_3)","decl":{"start":{"line":59,"column":25},"end":{"line":59,"column":26}},"loc":{"start":{"line":59,"column":26},"end":{"line":78,"column":null}}}},"branchMap":{"0":{"loc":{"start":{"line":68,"column":20},"end":{"line":70,"column":null}},"type":"cond-expr","locations":[{"start":{"line":69,"column":24},"end":{"line":69,"column":null}},{"start":{"line":70,"column":24},"end":{"line":70,"column":null}}]}},"s":{"0":4,"1":1,"2":1,"3":1,"4":1,"5":1,"6":4,"7":4,"8":4,"9":4,"10":4,"11":48,"12":48,"13":48},"f":{"0":4,"1":48},"b":{"0":[0,48]}}
,"C:\\Users\\gabri\\Desktop\\PORTIFOLIO\\appoitment-system\\components\\layout\\TopBar.tsx": {"path":"C:\\Users\\gabri\\Desktop\\PORTIFOLIO\\appoitment-system\\components\\layout\\TopBar.tsx","statementMap":{"0":{"start":{"line":9,"column":16},"end":{"line":9,"column":null}},"1":{"start":{"line":3,"column":36},"end":{"line":3,"column":null}},"2":{"start":{"line":4,"column":51},"end":{"line":4,"column":null}},"3":{"start":{"line":5,"column":34},"end":{"line":5,"column":null}},"4":{"start":{"line":6,"column":33},"end":{"line":6,"column":null}},"5":{"start":{"line":7,"column":26},"end":{"line":7,"column":null}},"6":{"start":{"line":10,"column":40},"end":{"line":10,"column":null}},"7":{"start":{"line":11,"column":40},"end":{"line":11,"column":null}},"8":{"start":{"line":12,"column":17},"end":{"line":12,"column":null}},"9":{"start":{"line":13,"column":17},"end":{"line":13,"column":30}},"10":{"start":{"line":15,"column":2},"end":{"line":23,"column":null}},"11":{"start":{"line":16,"column":4},"end":{"line":16,"column":null}},"12":{"start":{"line":16,"column":49},"end":{"line":16,"column":56}},"13":{"start":{"line":18,"column":18},"end":{"line":20,"column":null}},"14":{"start":{"line":19,"column":6},"end":{"line":19,"column":null}},"15":{"start":{"line":22,"column":4},"end":{"line":22,"column":null}},"16":{"start":{"line":22,"column":17},"end":{"line":22,"column":null}},"17":{"start":{"line":25,"column":21},"end":{"line":32,"column":null}},"18":{"start":{"line":26,"column":4},"end":{"line":31,"column":null}},"19":{"start":{"line":34,"column":21},"end":{"line":40,"column":null}},"20":{"start":{"line":35,"column":4},"end":{"line":39,"column":null}}},"fnMap":{"0":{"name":"TopBar","decl":{"start":{"line":9,"column":16},"end":{"line":9,"column":null}},"loc":{"start":{"line":9,"column":16},"end":{"line":96,"column":null}}},"1":{"name":"(anonymous_2)","decl":{"start":{"line":15,"column":12},"end":{"line":15,"column":null}},"loc":{"start":{"line":15,"column":12},"end":{"line":23,"column":5}}},"2":{"name":"(anonymous_3)","decl":{"start":{"line":16,"column":44},"end":{"line":16,"column":49}},"loc":{"start":{"line":16,"column":49},"end":{"line":16,"column":56}}},"3":{"name":"(anonymous_4)","decl":{"start":{"line":18,"column":30},"end":{"line":18,"column":null}},"loc":{"start":{"line":18,"column":30},"end":{"line":20,"column":7}}},"4":{"name":"(anonymous_5)","decl":{"start":{"line":22,"column":11},"end":{"line":22,"column":17}},"loc":{"start":{"line":22,"column":17},"end":{"line":22,"column":null}}},"5":{"name":"(anonymous_6)","decl":{"start":{"line":25,"column":21},"end":{"line":25,"column":22}},"loc":{"start":{"line":25,"column":22},"end":{"line":32,"column":null}}},"6":{"name":"(anonymous_7)","decl":{"start":{"line":34,"column":21},"end":{"line":34,"column":22}},"loc":{"start":{"line":34,"column":22},"end":{"line":40,"column":null}}}},"branchMap":{"0":{"loc":{"start":{"line":72,"column":13},"end":{"line":72,"column":null}},"type":"binary-expr","locations":[{"start":{"line":72,"column":13},"end":{"line":72,"column":null}}]}},"s":{"0":5,"1":1,"2":1,"3":1,"4":1,"5":1,"6":10,"7":10,"8":10,"9":10,"10":10,"11":5,"12":20,"13":5,"14":0,"15":5,"16":5,"17":10,"18":10,"19":10,"20":10},"f":{"0":10,"1":5,"2":20,"3":0,"4":5,"5":10,"6":10},"b":{"0":[10]}}
,"C:\\Users\\gabri\\Desktop\\PORTIFOLIO\\appoitment-system\\lib\\mockData.ts": {"path":"C:\\Users\\gabri\\Desktop\\PORTIFOLIO\\appoitment-system\\lib\\mockData.ts","statementMap":{"0":{"start":{"line":365,"column":13},"end":{"line":365,"column":29}},"1":{"start":{"line":472,"column":13},"end":{"line":472,"column":30}},"2":{"start":{"line":309,"column":13},"end":{"line":309,"column":25}},"3":{"start":{"line":87,"column":13},"end":{"line":87,"column":30}},"4":{"start":{"line":512,"column":13},"end":{"line":512,"column":22}},"5":{"start":{"line":4,"column":19},"end":{"line":4,"column":null}},"6":{"start":{"line":4,"column":25},"end":{"line":4,"column":null}},"7":{"start":{"line":6,"column":16},"end":{"line":10,"column":null}},"8":{"start":{"line":7,"column":17},"end":{"line":7,"column":null}},"9":{"start":{"line":8,"column":2},"end":{"line":8,"column":null}},"10":{"start":{"line":9,"column":2},"end":{"line":9,"column":null}},"11":{"start":{"line":12,"column":17},"end":{"line":16,"column":null}},"12":{"start":{"line":13,"column":17},"end":{"line":13,"column":null}},"13":{"start":{"line":14,"column":2},"end":{"line":14,"column":null}},"14":{"start":{"line":15,"column":2},"end":{"line":15,"column":null}},"15":{"start":{"line":19,"column":19},"end":{"line":30,"column":null}},"16":{"start":{"line":32,"column":18},"end":{"line":37,"column":null}},"17":{"start":{"line":39,"column":24},"end":{"line":50,"column":null}},"18":{"start":{"line":52,"column":22},"end":{"line":55,"column":null}},"19":{"start":{"line":57,"column":16},"end":{"line":61,"column":null}},"20":{"start":{"line":63,"column":27},"end":{"line":66,"column":null}},"21":{"start":{"line":69,"column":20},"end":{"line":72,"column":null}},"22":{"start":{"line":70,"column":15},"end":{"line":70,"column":null}},"23":{"start":{"line":70,"column":47},"end":{"line":70,"column":null}},"24":{"start":{"line":71,"column":2},"end":{"line":71,"column":null}},"25":{"start":{"line":75,"column":22},"end":{"line":79,"column":null}},"26":{"start":{"line":76,"column":14},"end":{"line":76,"column":106}},"27":{"start":{"line":77,"column":14},"end":{"line":77,"column":null}},"28":{"start":{"line":78,"column":2},"end":{"line":78,"column":null}},"29":{"start":{"line":82,"column":24},"end":{"line":84,"column":null}},"30":{"start":{"line":83,"column":2},"end":{"line":83,"column":null}},"31":{"start":{"line":87,"column":49},"end":{"line":306,"column":null}},"32":{"start":{"line":309,"column":39},"end":{"line":362,"column":null}},"33":{"start":{"line":310,"column":20},"end":{"line":310,"column":77}},"34":{"start":{"line":311,"column":19},"end":{"line":311,"column":74}},"35":{"start":{"line":312,"column":19},"end":{"line":312,"column":86}},"36":{"start":{"line":313,"column":20},"end":{"line":313,"column":null}},"37":{"start":{"line":315,"column":2},"end":{"line":361,"column":null}},"38":{"start":{"line":365,"column":47},"end":{"line":365,"column":49}},"39":{"start":{"line":368,"column":14},"end":{"line":368,"column":null}},"40":{"start":{"line":369,"column":14},"end":{"line":369,"column":null}},"41":{"start":{"line":372,"column":0},"end":{"line":400,"column":null}},"42":{"start":{"line":373,"column":26},"end":{"line":373,"column":null}},"43":{"start":{"line":374,"column":2},"end":{"line":399,"column":null}},"44":{"start":{"line":374,"column":15},"end":{"line":374,"column":18}},"45":{"start":{"line":375,"column":20},"end":{"line":375,"column":81}},"46":{"start":{"line":376,"column":22},"end":{"line":376,"column":69}},"47":{"start":{"line":377,"column":21},"end":{"line":377,"column":52}},"48":{"start":{"line":378,"column":20},"end":{"line":378,"column":null}},"49":{"start":{"line":379,"column":22},"end":{"line":379,"column":null}},"50":{"start":{"line":380,"column":20},"end":{"line":380,"column":101}},"51":{"start":{"line":382,"column":4},"end":{"line":398,"column":null}},"52":{"start":{"line":403,"column":0},"end":{"line":434,"column":null}},"53":{"start":{"line":403,"column":15},"end":{"line":403,"column":18}},"54":{"start":{"line":404,"column":26},"end":{"line":404,"column":null}},"55":{"start":{"line":405,"column":26},"end":{"line":405,"column":null}},"56":{"start":{"line":407,"column":2},"end":{"line":433,"column":null}},"57":{"start":{"line":407,"column":15},"end":{"line":407,"column":18}},"58":{"start":{"line":408,"column":17},"end":{"line":408,"column":88}},"59":{"start":{"line":409,"column":20},"end":{"line":409,"column":81}},"60":{"start":{"line":410,"column":22},"end":{"line":410,"column":69}},"61":{"start":{"line":411,"column":21},"end":{"line":411,"column":52}},"62":{"start":{"line":412,"column":20},"end":{"line":412,"column":null}},"63":{"start":{"line":413,"column":22},"end":{"line":413,"column":null}},"64":{"start":{"line":414,"column":20},"end":{"line":414,"column":101}},"65":{"start":{"line":416,"column":4},"end":{"line":432,"column":null}},"66":{"start":{"line":437,"column":0},"end":{"line":469,"column":null}},"67":{"start":{"line":437,"column":15},"end":{"line":437,"column":18}},"68":{"start":{"line":438,"column":26},"end":{"line":438,"column":null}},"69":{"start":{"line":439,"column":26},"end":{"line":439,"column":null}},"70":{"start":{"line":441,"column":2},"end":{"line":468,"column":null}},"71":{"start":{"line":441,"column":15},"end":{"line":441,"column":18}},"72":{"start":{"line":442,"column":17},"end":{"line":442,"column":88}},"73":{"start":{"line":443,"column":20},"end":{"line":443,"column":81}},"74":{"start":{"line":444,"column":22},"end":{"line":444,"column":69}},"75":{"start":{"line":445,"column":21},"end":{"line":445,"column":52}},"76":{"start":{"line":446,"column":20},"end":{"line":446,"column":null}},"77":{"start":{"line":447,"column":22},"end":{"line":447,"column":null}},"78":{"start":{"line":448,"column":20},"end":{"line":448,"column":101}},"79":{"start":{"line":450,"column":4},"end":{"line":467,"column":null}},"80":{"start":{"line":472,"column":49},"end":{"line":509,"column":null}},"81":{"start":{"line":512,"column":38},"end":{"line":535,"column":null}}},"fnMap":{"0":{"name":"(anonymous_6)","decl":{"start":{"line":4,"column":19},"end":{"line":4,"column":25}},"loc":{"start":{"line":4,"column":25},"end":{"line":4,"column":null}}},"1":{"name":"(anonymous_7)","decl":{"start":{"line":6,"column":16},"end":{"line":6,"column":17}},"loc":{"start":{"line":6,"column":29},"end":{"line":10,"column":null}}},"2":{"name":"(anonymous_8)","decl":{"start":{"line":12,"column":17},"end":{"line":12,"column":18}},"loc":{"start":{"line":12,"column":30},"end":{"line":16,"column":null}}},"3":{"name":"(anonymous_9)","decl":{"start":{"line":69,"column":20},"end":{"line":69,"column":null}},"loc":{"start":{"line":69,"column":20},"end":{"line":72,"column":null}}},"4":{"name":"(anonymous_10)","decl":{"start":{"line":70,"column":41},"end":{"line":70,"column":47}},"loc":{"start":{"line":70,"column":47},"end":{"line":70,"column":null}}},"5":{"name":"(anonymous_11)","decl":{"start":{"line":75,"column":22},"end":{"line":75,"column":null}},"loc":{"start":{"line":75,"column":22},"end":{"line":79,"column":null}}},"6":{"name":"(anonymous_12)","decl":{"start":{"line":82,"column":24},"end":{"line":82,"column":null}},"loc":{"start":{"line":82,"column":24},"end":{"line":84,"column":null}}},"7":{"name":"(anonymous_13)","decl":{"start":{"line":309,"column":67},"end":{"line":309,"column":68}},"loc":{"start":{"line":309,"column":71},"end":{"line":362,"column":null}}},"8":{"name":"(anonymous_14)","decl":{"start":{"line":372,"column":26},"end":{"line":372,"column":27}},"loc":{"start":{"line":372,"column":33},"end":{"line":400,"column":null}}}},"branchMap":{"0":{"loc":{"start":{"line":328,"column":18},"end":{"line":328,"column":null}},"type":"cond-expr","locations":[{"start":{"line":328,"column":40},"end":{"line":328,"column":85}},{"start":{"line":328,"column":88},"end":{"line":328,"column":null}}]},"1":{"loc":{"start":{"line":339,"column":19},"end":{"line":343,"column":null}},"type":"cond-expr","locations":[{"start":{"line":339,"column":41},"end":{"line":343,"column":8}},{"start":{"line":343,"column":8},"end":{"line":343,"column":null}}]},"2":{"loc":{"start":{"line":345,"column":17},"end":{"line":345,"column":103}},"type":"cond-expr","locations":[{"start":{"line":345,"column":39},"end":{"line":345,"column":101}},{"start":{"line":345,"column":101},"end":{"line":345,"column":103}}]},"3":{"loc":{"start":{"line":346,"column":19},"end":{"line":346,"column":118}},"type":"cond-expr","locations":[{"start":{"line":346,"column":41},"end":{"line":346,"column":116}},{"start":{"line":346,"column":116},"end":{"line":346,"column":118}}]},"4":{"loc":{"start":{"line":347,"column":18},"end":{"line":347,"column":120}},"type":"cond-expr","locations":[{"start":{"line":347,"column":40},"end":{"line":347,"column":118}},{"start":{"line":347,"column":118},"end":{"line":347,"column":120}}]},"5":{"loc":{"start":{"line":351,"column":29},"end":{"line":351,"column":null}},"type":"cond-expr","locations":[{"start":{"line":351,"column":51},"end":{"line":351,"column":125}},{"start":{"line":351,"column":128},"end":{"line":351,"column":null}}]},"6":{"loc":{"start":{"line":352,"column":54},"end":{"line":352,"column":82}},"type":"cond-expr","locations":[{"start":{"line":352,"column":76},"end":{"line":352,"column":80}},{"start":{"line":352,"column":80},"end":{"line":352,"column":82}}]},"7":{"loc":{"start":{"line":357,"column":15},"end":{"line":357,"column":null}},"type":"cond-expr","locations":[{"start":{"line":357,"column":37},"end":{"line":357,"column":92}},{"start":{"line":357,"column":92},"end":{"line":357,"column":null}}]},"8":{"loc":{"start":{"line":360,"column":11},"end":{"line":360,"column":null}},"type":"cond-expr","locations":[{"start":{"line":360,"column":33},"end":{"line":360,"column":69}},{"start":{"line":360,"column":69},"end":{"line":360,"column":null}}]},"9":{"loc":{"start":{"line":393,"column":12},"end":{"line":393,"column":null}},"type":"binary-expr","locations":[{"start":{"line":393,"column":12},"end":{"line":393,"column":31}},{"start":{"line":393,"column":35},"end":{"line":393,"column":null}}]},"10":{"loc":{"start":{"line":427,"column":12},"end":{"line":427,"column":null}},"type":"binary-expr","locations":[{"start":{"line":427,"column":12},"end":{"line":427,"column":31}},{"start":{"line":427,"column":35},"end":{"line":427,"column":null}}]},"11":{"loc":{"start":{"line":459,"column":52},"end":{"line":459,"column":127}},"type":"cond-expr","locations":[{"start":{"line":459,"column":89},"end":{"line":459,"column":93}},{"start":{"line":459,"column":93},"end":{"line":459,"column":127}}]},"12":{"loc":{"start":{"line":461,"column":12},"end":{"line":461,"column":null}},"type":"binary-expr","locations":[{"start":{"line":461,"column":12},"end":{"line":461,"column":31}},{"start":{"line":461,"column":35},"end":{"line":461,"column":null}}]},"13":{"loc":{"start":{"line":515,"column":19},"end":{"line":515,"column":null}},"type":"binary-expr","locations":[{"start":{"line":515,"column":19},"end":{"line":515,"column":46}},{"start":{"line":515,"column":46},"end":{"line":515,"column":null}}]},"14":{"loc":{"start":{"line":526,"column":19},"end":{"line":526,"column":null}},"type":"binary-expr","locations":[{"start":{"line":526,"column":19},"end":{"line":526,"column":46}},{"start":{"line":526,"column":46},"end":{"line":526,"column":null}}]}},"s":{"0":473,"1":12,"2":10642,"3":10670,"4":15,"5":9,"6":13385,"7":9,"8":1711,"9":1711,"10":1711,"11":9,"12":54,"13":54,"14":54,"15":9,"16":9,"17":9,"18":9,"19":9,"20":9,"21":9,"22":900,"23":8100,"24":900,"25":9,"26":2700,"27":2700,"28":2700,"29":9,"30":900,"31":9,"32":9,"33":900,"34":900,"35":900,"36":900,"37":900,"38":9,"39":9,"40":9,"41":9,"42":90,"43":90,"44":90,"45":458,"46":458,"47":458,"48":458,"49":458,"50":458,"51":458,"52":9,"53":9,"54":270,"55":270,"56":270,"57":270,"58":3273,"59":3273,"60":3273,"61":3273,"62":3273,"63":3273,"64":3273,"65":3273,"66":9,"67":9,"68":810,"69":810,"70":810,"71":810,"72":9654,"73":9654,"74":9654,"75":9654,"76":9654,"77":9654,"78":9654,"79":9654,"80":9,"81":9},"f":{"0":13385,"1":1711,"2":54,"3":900,"4":8100,"5":2700,"6":900,"7":900,"8":90},"b":{"0":[473,427],"1":[611,289],"2":[288,612],"3":[345,555],"4":[446,454],"5":[446,454],"6":[445,455],"7":[631,269],"8":[172,728],"9":[458,0],"10":[3273,0],"11":[6714,2940],"12":[9654,0],"13":[9,0],"14":[9,0]}}
}
