TN:
SF:app\layout.tsx
FN:26,RootLayout
FNF:1
FNH:0
FNDA:0,RootLayout
DA:2,0
DA:3,0
DA:4,0
DA:6,0
DA:8,0
DA:19,0
DA:26,0
LF:7
LH:0
BRF:0
BRH:0
end_of_record
TN:
SF:app\providers.tsx
FN:7,Providers
FN:8,(anonymous_2)
FN:17,(anonymous_3)
FN:22,(anonymous_4)
FN:25,(anonymous_5)
FN:33,(anonymous_6)
FN:34,(anonymous_7)
FNF:7
FNH:0
FNDA:0,Providers
FNDA:0,(anonymous_2)
FNDA:0,(anonymous_3)
FNDA:0,(anonymous_4)
FNDA:0,(anonymous_5)
FNDA:0,(anonymous_6)
FNDA:0,(anonymous_7)
DA:3,0
DA:4,0
DA:5,0
DA:7,0
DA:8,0
DA:17,0
DA:19,0
DA:20,0
DA:23,0
DA:26,0
DA:31,0
DA:34,0
DA:35,0
DA:36,0
LF:14
LH:0
BRDA:19,0,0,0
BRDA:19,0,1,0
BRDA:19,1,0,0
BRDA:19,1,1,0
BRDA:31,2,0,0
BRDA:31,2,1,0
BRDA:31,3,0,0
BRDA:31,3,1,0
BRDA:35,4,0,0
BRDA:35,4,1,0
BRF:10
BRH:0
end_of_record
TN:
SF:app\[locale]\layout.tsx
FN:14,generateStaticParams
FN:15,(anonymous_4)
FN:18,LocaleLayout
FNF:3
FNH:0
FNDA:0,generateStaticParams
FNDA:0,(anonymous_4)
FNDA:0,LocaleLayout
DA:1,0
DA:2,0
DA:3,0
DA:4,0
DA:6,0
DA:7,0
DA:14,0
DA:15,0
DA:18,0
DA:22,0
DA:25,0
DA:26,0
DA:30,0
LF:13
LH:0
BRDA:25,0,0,0
BRDA:25,0,1,0
BRF:2
BRH:0
end_of_record
TN:
SF:app\[locale]\page.tsx
FN:16,Dashboard
FN:29,(anonymous_3)
FN:37,(anonymous_4)
FN:43,(anonymous_5)
FN:44,(anonymous_6)
FN:45,(anonymous_7)
FN:47,(anonymous_8)
FN:48,(anonymous_9)
FN:56,(anonymous_10)
FN:61,(anonymous_11)
FN:63,(anonymous_12)
FN:64,(anonymous_13)
FN:66,(anonymous_14)
FN:77,(anonymous_15)
FN:81,(anonymous_16)
FN:83,(anonymous_17)
FN:84,(anonymous_18)
FN:86,(anonymous_19)
FN:92,(anonymous_20)
FN:202,(anonymous_21)
FN:247,(anonymous_22)
FN:254,(anonymous_23)
FN:255,(anonymous_24)
FN:293,(anonymous_25)
FN:325,(anonymous_26)
FNF:25
FNH:25
FNDA:6,Dashboard
FNDA:3,(anonymous_3)
FNDA:4302,(anonymous_4)
FNDA:153,(anonymous_5)
FNDA:153,(anonymous_6)
FNDA:153,(anonymous_7)
FNDA:153,(anonymous_8)
FNDA:117,(anonymous_9)
FNDA:6,(anonymous_10)
FNDA:153,(anonymous_11)
FNDA:7200,(anonymous_12)
FNDA:861,(anonymous_13)
FNDA:651,(anonymous_14)
FNDA:4302,(anonymous_15)
FNDA:213,(anonymous_16)
FNDA:10095,(anonymous_17)
FNDA:1182,(anonymous_18)
FNDA:210,(anonymous_19)
FNDA:153,(anonymous_20)
FNDA:153,(anonymous_21)
FNDA:12,(anonymous_22)
FNDA:12,(anonymous_23)
FNDA:12,(anonymous_24)
FNDA:15,(anonymous_25)
FNDA:30,(anonymous_26)
DA:3,1
DA:4,1
DA:13,1
DA:14,1
DA:16,3
DA:17,6
DA:26,6
DA:27,6
DA:29,6
DA:30,3
DA:31,3
DA:33,3
DA:34,3
DA:37,3
DA:38,4302
DA:39,4302
DA:43,153
DA:44,153
DA:45,153
DA:46,3
DA:47,153
DA:48,117
DA:50,3
DA:56,6
DA:60,3
DA:61,153
DA:63,7200
DA:64,861
DA:66,651
DA:68,3
DA:71,3
DA:72,3
DA:73,3
DA:74,3
DA:76,3
DA:78,4302
DA:79,4302
DA:81,213
DA:83,10095
DA:84,1182
DA:86,210
DA:89,3
DA:92,6
DA:93,153
DA:101,153
DA:203,153
DA:247,12
DA:254,12
DA:256,12
DA:294,15
DA:326,30
LF:51
LH:51
BRDA:39,0,0,4302
BRDA:39,0,1,1185
BRDA:79,1,0,4302
BRDA:79,1,1,1032
BRDA:79,1,2,213
BRDA:101,2,0,153
BRDA:101,2,1,0
BRDA:196,3,0,3
BRDA:196,3,1,3
BRDA:216,4,0,153
BRDA:216,4,1,0
BRDA:247,5,0,0
BRDA:247,5,1,6
BRDA:287,6,0,3
BRDA:287,6,1,3
BRF:15
BRH:12
end_of_record
TN:
SF:app\[locale]\appointments\page.tsx
FN:8,AppointmentsPage
FN:15,(anonymous_3)
FN:17,(anonymous_4)
FN:19,(anonymous_5)
FN:20,(anonymous_6)
FN:27,(anonymous_7)
FN:33,(anonymous_8)
FN:42,(anonymous_9)
FN:50,(anonymous_10)
FN:56,(anonymous_11)
FN:58,(anonymous_12)
FN:62,(anonymous_13)
FN:71,(anonymous_14)
FN:109,(anonymous_15)
FN:122,(anonymous_16)
FN:141,(anonymous_17)
FN:169,(anonymous_18)
FN:175,(anonymous_19)
FN:181,(anonymous_20)
FN:195,(anonymous_21)
FNF:20
FNH:12
FNDA:9,AppointmentsPage
FNDA:3,(anonymous_3)
FNDA:4479,(anonymous_4)
FNDA:227238,(anonymous_5)
FNDA:24975,(anonymous_6)
FNDA:6,(anonymous_7)
FNDA:0,(anonymous_8)
FNDA:0,(anonymous_9)
FNDA:0,(anonymous_10)
FNDA:0,(anonymous_11)
FNDA:0,(anonymous_12)
FNDA:21354,(anonymous_13)
FNDA:4479,(anonymous_14)
FNDA:0,(anonymous_15)
FNDA:0,(anonymous_16)
FNDA:0,(anonymous_17)
FNDA:4479,(anonymous_18)
FNDA:4479,(anonymous_19)
FNDA:4479,(anonymous_20)
FNDA:4479,(anonymous_21)
DA:3,1
DA:4,1
DA:5,1
DA:6,1
DA:8,3
DA:9,9
DA:10,9
DA:11,9
DA:12,9
DA:13,9
DA:15,9
DA:17,4479
DA:19,227238
DA:20,24975
DA:23,3
DA:24,3
DA:27,9
DA:28,6
DA:31,6
DA:32,0
DA:34,0
DA:41,6
DA:42,0
DA:46,6
DA:47,6
DA:49,6
DA:50,0
DA:51,0
DA:52,0
DA:53,0
DA:55,6
DA:56,0
DA:57,6
DA:58,0
DA:62,6
DA:63,21354
DA:64,21354
DA:65,12444
DA:68,6
DA:71,9
DA:72,4479
DA:80,4479
DA:109,0
DA:122,0
DA:141,0
DA:169,4479
DA:175,4479
DA:181,4479
DA:196,4479
LF:49
LH:37
BRDA:31,0,0,0
BRDA:31,0,1,6
BRDA:34,1,0,0
BRDA:34,1,1,0
BRDA:34,1,2,0
BRDA:41,2,0,0
BRDA:41,2,1,6
BRDA:49,3,0,0
BRDA:49,3,1,6
BRDA:55,4,0,0
BRDA:55,4,1,6
BRDA:57,5,0,0
BRDA:57,5,1,6
BRDA:64,6,0,8910
BRDA:64,6,1,12444
BRDA:80,7,0,4479
BRDA:80,7,1,0
BRDA:189,8,0,6
BRDA:189,8,1,3
BRDA:203,9,0,4479
BRDA:203,9,1,0
BRDA:245,10,0,1527
BRDA:245,10,1,2952
BRDA:255,11,0,4479
BRDA:264,12,0,4479
BRF:25
BRH:15
end_of_record
TN:
SF:app\[locale]\appointments\new\page.tsx
FN:34,NewAppointmentPage
FN:55,(anonymous_3)
FN:58,(anonymous_4)
FN:59,(anonymous_5)
FN:61,(anonymous_6)
FN:65,(anonymous_7)
FN:69,(anonymous_8)
FN:75,(anonymous_9)
FN:99,(anonymous_10)
FN:147,(anonymous_11)
FN:150,(anonymous_12)
FN:159,(anonymous_13)
FN:177,(anonymous_14)
FN:180,(anonymous_15)
FN:229,(anonymous_16)
FN:232,(anonymous_17)
FN:252,(anonymous_18)
FN:257,(anonymous_19)
FN:284,(anonymous_20)
FN:287,(anonymous_21)
FN:317,(anonymous_22)
FN:320,(anonymous_23)
FN:385,(anonymous_24)
FN:402,(anonymous_25)
FNF:24
FNH:0
FNDA:0,NewAppointmentPage
FNDA:0,(anonymous_3)
FNDA:0,(anonymous_4)
FNDA:0,(anonymous_5)
FNDA:0,(anonymous_6)
FNDA:0,(anonymous_7)
FNDA:0,(anonymous_8)
FNDA:0,(anonymous_9)
FNDA:0,(anonymous_10)
FNDA:0,(anonymous_11)
FNDA:0,(anonymous_12)
FNDA:0,(anonymous_13)
FNDA:0,(anonymous_14)
FNDA:0,(anonymous_15)
FNDA:0,(anonymous_16)
FNDA:0,(anonymous_17)
FNDA:0,(anonymous_18)
FNDA:0,(anonymous_19)
FNDA:0,(anonymous_20)
FNDA:0,(anonymous_21)
FNDA:0,(anonymous_22)
FNDA:0,(anonymous_23)
FNDA:0,(anonymous_24)
FNDA:0,(anonymous_25)
DA:3,0
DA:4,0
DA:5,0
DA:7,0
DA:9,0
DA:21,0
DA:28,0
DA:34,0
DA:35,0
DA:36,0
DA:46,0
DA:54,0
DA:55,0
DA:58,0
DA:59,0
DA:61,0
DA:62,0
DA:65,0
DA:66,0
DA:69,0
DA:70,0
DA:71,0
DA:72,0
DA:75,0
DA:76,0
DA:77,0
DA:78,0
DA:79,0
DA:80,0
DA:81,0
DA:83,0
DA:100,0
DA:101,0
DA:102,0
DA:104,0
DA:148,0
DA:150,0
DA:159,0
DA:178,0
DA:180,0
DA:230,0
DA:232,0
DA:253,0
DA:254,0
DA:257,0
DA:285,0
DA:287,0
DA:318,0
DA:320,0
DA:385,0
DA:402,0
LF:51
LH:0
BRDA:54,0,0,0
BRDA:54,0,1,0
BRDA:62,1,0,0
BRDA:62,1,1,0
BRDA:66,2,0,0
BRDA:66,2,1,0
BRDA:109,3,0,0
BRDA:109,3,1,0
BRDA:111,4,0,0
BRDA:111,4,1,0
BRDA:116,5,0,0
BRDA:120,6,0,0
BRDA:120,6,1,0
BRDA:120,7,0,0
BRDA:120,7,1,0
BRDA:126,8,0,0
BRDA:129,9,0,0
BRDA:129,9,1,0
BRDA:141,10,0,0
BRDA:152,11,0,0
BRDA:152,11,1,0
BRDA:168,12,0,0
BRDA:174,13,0,0
BRDA:174,13,1,0
BRDA:182,14,0,0
BRDA:182,14,1,0
BRDA:200,15,0,0
BRDA:217,16,0,0
BRDA:234,17,0,0
BRDA:234,17,1,0
BRDA:259,18,0,0
BRDA:259,18,1,0
BRDA:278,19,0,0
BRDA:289,20,0,0
BRDA:289,20,1,0
BRDA:304,21,0,0
BRDA:322,22,0,0
BRDA:322,22,1,0
BRDA:337,23,0,0
BRDA:349,24,0,0
BRDA:374,25,0,0
BRDA:374,25,1,0
BRDA:424,26,0,0
BRDA:427,27,0,0
BRDA:427,27,1,0
BRDA:427,27,2,0
BRDA:427,27,3,0
BRDA:427,27,4,0
BRDA:427,27,5,0
BRDA:427,27,6,0
BRDA:427,27,7,0
BRDA:427,27,8,0
BRF:52
BRH:0
end_of_record
TN:
SF:app\[locale]\calendar\page.tsx
FN:10,CalendarPage
FN:16,(anonymous_3)
FN:17,(anonymous_4)
FN:19,(anonymous_5)
FN:20,(anonymous_6)
FN:25,(anonymous_7)
FN:55,(anonymous_8)
FN:56,(anonymous_9)
FN:66,(anonymous_10)
FN:76,(anonymous_11)
FN:86,(anonymous_12)
FN:136,(anonymous_13)
FN:146,(anonymous_14)
FN:156,(anonymous_15)
FN:175,(anonymous_16)
FN:184,(anonymous_17)
FN:197,(anonymous_18)
FN:219,(anonymous_19)
FN:261,(anonymous_20)
FN:261,(anonymous_21)
FN:264,(anonymous_22)
FN:273,(anonymous_23)
FN:333,(anonymous_24)
FNF:23
FNH:12
FNDA:8,CalendarPage
FNDA:4,(anonymous_3)
FNDA:5780,(anonymous_4)
FNDA:294716,(anonymous_5)
FNDA:31752,(anonymous_6)
FNDA:8,(anonymous_7)
FNDA:336,(anonymous_8)
FNDA:242760,(anonymous_9)
FNDA:0,(anonymous_10)
FNDA:0,(anonymous_11)
FNDA:0,(anonymous_12)
FNDA:0,(anonymous_13)
FNDA:0,(anonymous_14)
FNDA:0,(anonymous_15)
FNDA:56,(anonymous_16)
FNDA:336,(anonymous_17)
FNDA:0,(anonymous_18)
FNDA:468,(anonymous_19)
FNDA:0,(anonymous_20)
FNDA:0,(anonymous_21)
FNDA:0,(anonymous_22)
FNDA:0,(anonymous_23)
FNDA:80,(anonymous_24)
DA:3,1
DA:4,1
DA:5,1
DA:6,1
DA:10,4
DA:11,8
DA:12,8
DA:13,8
DA:14,8
DA:16,8
DA:17,5780
DA:19,294716
DA:20,31752
DA:22,4
DA:25,8
DA:26,8
DA:27,8
DA:28,8
DA:29,8
DA:30,8
DA:31,8
DA:33,8
DA:36,8
DA:37,48
DA:38,48
DA:42,8
DA:43,240
DA:47,8
DA:48,8
DA:49,48
DA:52,8
DA:55,8
DA:56,336
DA:57,242760
DA:58,242760
DA:66,8
DA:67,0
DA:68,0
DA:69,0
DA:70,0
DA:72,0
DA:76,8
DA:77,0
DA:78,0
DA:79,0
DA:80,0
DA:82,0
DA:86,8
DA:87,0
DA:90,8
DA:92,8
DA:136,0
DA:146,0
DA:156,0
DA:176,56
DA:185,336
DA:187,336
DA:191,336
DA:197,0
DA:220,468
DA:261,0
DA:262,0
DA:263,0
DA:264,0
DA:267,0
DA:274,0
DA:334,80
LF:67
LH:46
BRDA:59,0,0,242760
BRDA:59,0,1,7872
BRDA:59,0,2,2076
BRDA:67,1,0,0
BRDA:67,1,1,0
BRDA:69,2,0,0
BRDA:69,2,1,0
BRDA:77,3,0,0
BRDA:77,3,1,0
BRDA:79,4,0,0
BRDA:79,4,1,0
BRDA:138,5,0,8
BRDA:138,5,1,0
BRDA:148,6,0,0
BRDA:148,6,1,8
BRDA:158,7,0,0
BRDA:158,7,1,8
BRDA:171,8,0,8
BRDA:187,9,0,336
BRDA:187,9,1,16
BRDA:187,9,2,8
BRDA:195,10,0,96
BRDA:195,10,1,240
BRDA:196,11,0,8
BRDA:196,11,1,328
BRDA:202,12,0,8
BRDA:202,12,1,328
BRDA:204,13,0,232
BRDA:204,13,1,96
BRDA:211,14,0,336
BRDA:233,15,0,336
BRDA:247,16,0,8
BRDA:296,17,0,0
BRDA:296,17,1,0
BRDA:298,18,0,0
BRDA:298,18,1,0
BRDA:303,19,0,0
BRDA:303,19,1,0
BRDA:305,20,0,0
BRDA:305,20,1,0
BRDA:321,21,0,8
BRF:41
BRH:22
end_of_record
TN:
SF:app\[locale]\financial\page.tsx
FN:6,FinancialPage
FN:7,(anonymous_2)
FN:7,(anonymous_3)
FN:8,(anonymous_4)
FN:8,(anonymous_5)
FN:93,(anonymous_6)
FN:120,(anonymous_7)
FN:159,(anonymous_8)
FN:159,(anonymous_9)
FNF:9
FNH:0
FNDA:0,FinancialPage
FNDA:0,(anonymous_2)
FNDA:0,(anonymous_3)
FNDA:0,(anonymous_4)
FNDA:0,(anonymous_5)
FNDA:0,(anonymous_6)
FNDA:0,(anonymous_7)
FNDA:0,(anonymous_8)
FNDA:0,(anonymous_9)
DA:3,0
DA:4,0
DA:6,0
DA:7,0
DA:8,0
DA:94,0
DA:121,0
DA:159,0
DA:160,0
LF:9
LH:0
BRDA:8,0,0,0
BRDA:8,0,1,0
BRDA:125,1,0,0
BRDA:125,1,1,0
BRDA:127,2,0,0
BRDA:127,2,1,0
BRF:6
BRH:0
end_of_record
TN:
SF:app\[locale]\inventory\page.tsx
FN:5,InventoryPage
FN:49,(anonymous_2)
FNF:2
FNH:0
FNDA:0,InventoryPage
FNDA:0,(anonymous_2)
DA:3,0
DA:5,0
DA:50,0
LF:3
LH:0
BRDA:61,0,0,0
BRF:1
BRH:0
end_of_record
TN:
SF:app\[locale]\lab-results\page.tsx
FN:5,LabResultsPage
FN:61,(anonymous_2)
FNF:2
FNH:0
FNDA:0,LabResultsPage
FNDA:0,(anonymous_2)
DA:3,0
DA:5,0
DA:62,0
LF:3
LH:0
BRDA:79,0,0,0
BRDA:79,0,1,0
BRDA:80,1,0,0
BRDA:80,1,1,0
BRDA:85,2,0,0
BRF:5
BRH:0
end_of_record
TN:
SF:app\[locale]\notifications\page.tsx
FN:7,NotificationsPage
FN:12,(anonymous_2)
FN:15,(anonymous_3)
FN:16,(anonymous_4)
FN:21,(anonymous_5)
FN:22,(anonymous_6)
FN:25,(anonymous_7)
FN:26,(anonymous_8)
FN:29,(anonymous_9)
FN:42,(anonymous_10)
FN:54,(anonymous_11)
FN:68,(anonymous_12)
FN:78,(anonymous_13)
FN:85,(anonymous_14)
FN:106,(anonymous_15)
FN:141,(anonymous_16)
FN:149,(anonymous_17)
FNF:17
FNH:6
FNDA:4,NotificationsPage
FNDA:0,(anonymous_2)
FNDA:0,(anonymous_3)
FNDA:0,(anonymous_4)
FNDA:0,(anonymous_5)
FNDA:0,(anonymous_6)
FNDA:0,(anonymous_7)
FNDA:0,(anonymous_8)
FNDA:16,(anonymous_9)
FNDA:16,(anonymous_10)
FNDA:16,(anonymous_11)
FNDA:0,(anonymous_12)
FNDA:0,(anonymous_13)
FNDA:16,(anonymous_14)
FNDA:16,(anonymous_15)
FNDA:0,(anonymous_16)
FNDA:0,(anonymous_17)
DA:3,1
DA:4,1
DA:5,1
DA:7,4
DA:8,4
DA:9,4
DA:11,4
DA:12,0
DA:15,4
DA:16,0
DA:17,0
DA:21,4
DA:22,0
DA:25,4
DA:26,0
DA:29,4
DA:30,16
DA:39,16
DA:42,4
DA:43,16
DA:54,16
DA:68,0
DA:78,0
DA:85,16
DA:107,16
DA:141,0
DA:149,0
LF:27
LH:18
BRDA:11,0,0,0
BRDA:11,0,1,4
BRDA:17,1,0,0
BRDA:17,1,1,0
BRDA:39,2,0,16
BRDA:39,2,1,0
BRDA:43,3,0,4
BRDA:43,3,1,12
BRDA:44,4,0,8
BRDA:44,4,1,4
BRDA:70,5,0,4
BRDA:70,5,1,0
BRDA:80,6,0,0
BRDA:80,6,1,4
BRDA:100,7,0,0
BRDA:100,7,1,4
BRDA:110,8,0,8
BRDA:110,8,1,8
BRDA:118,9,0,8
BRDA:118,9,1,8
BRDA:121,10,0,16
BRDA:139,11,0,16
BRF:22
BRH:15
end_of_record
TN:
SF:app\[locale]\patients\page.tsx
FN:8,PatientsPage
FN:14,(anonymous_3)
FN:16,(anonymous_4)
FN:19,(anonymous_5)
FN:27,(anonymous_6)
FN:30,(anonymous_7)
FN:43,(anonymous_8)
FN:81,(anonymous_9)
FN:107,(anonymous_10)
FN:121,(anonymous_11)
FN:127,(anonymous_12)
FN:143,(anonymous_13)
FN:146,(anonymous_14)
FN:192,(anonymous_15)
FN:321,(anonymous_16)
FN:333,(anonymous_17)
FN:345,(anonymous_18)
FNF:17
FNH:11
FNDA:9,PatientsPage
FNDA:3,(anonymous_3)
FNDA:300,(anonymous_4)
FNDA:454800,(anonymous_5)
FNDA:6,(anonymous_6)
FNDA:0,(anonymous_7)
FNDA:300,(anonymous_8)
FNDA:0,(anonymous_9)
FNDA:600,(anonymous_10)
FNDA:600,(anonymous_11)
FNDA:600,(anonymous_12)
FNDA:300,(anonymous_13)
FNDA:0,(anonymous_14)
FNDA:177,(anonymous_15)
FNDA:0,(anonymous_16)
FNDA:0,(anonymous_17)
FNDA:0,(anonymous_18)
DA:3,1
DA:4,1
DA:5,1
DA:6,1
DA:8,3
DA:9,9
DA:10,9
DA:11,9
DA:12,9
DA:14,9
DA:16,300
DA:19,454800
DA:23,3
DA:24,3
DA:27,9
DA:28,6
DA:29,0
DA:31,0
DA:37,0
DA:39,6
DA:43,9
DA:44,300
DA:45,300
DA:46,300
DA:47,300
DA:48,300
DA:49,45
DA:51,300
DA:81,0
DA:108,600
DA:109,600
DA:110,600
DA:121,600
DA:127,600
DA:144,300
DA:146,0
DA:193,177
DA:322,0
DA:334,0
DA:346,0
LF:40
LH:32
BRDA:28,0,0,0
BRDA:28,0,1,6
BRDA:31,1,0,0
BRDA:31,1,1,0
BRDA:31,1,2,0
BRDA:31,1,3,0
BRDA:31,1,4,0
BRDA:48,2,0,45
BRDA:48,2,1,255
BRDA:48,3,0,300
BRDA:48,3,1,279
BRDA:48,3,2,24
BRDA:111,4,0,600
BRDA:111,4,1,60
BRDA:137,5,0,6
BRDA:137,5,1,3
BRDA:148,6,0,0
BRDA:148,6,1,300
BRDA:160,7,0,96
BRDA:160,7,1,204
BRDA:160,8,0,123
BRDA:160,8,1,81
BRDA:163,9,0,300
BRDA:189,10,0,300
BRDA:189,10,1,300
BRDA:214,11,0,0
BRDA:258,12,0,0
BRDA:258,12,1,0
BRDA:284,13,0,0
BRDA:284,13,1,0
BRDA:293,14,0,0
BRDA:317,15,0,0
BRDA:317,15,1,0
BRDA:329,16,0,0
BRDA:329,16,1,0
BRDA:341,17,0,0
BRDA:341,17,1,0
BRF:37
BRH:18
end_of_record
TN:
SF:app\[locale]\professionals\page.tsx
FN:7,ProfessionalsPage
FN:10,(anonymous_2)
FN:12,(anonymous_3)
FN:13,(anonymous_4)
FN:49,(anonymous_5)
FN:55,(anonymous_6)
FN:61,(anonymous_7)
FN:71,(anonymous_8)
FN:74,(anonymous_9)
FN:101,(anonymous_10)
FN:152,(anonymous_11)
FN:212,(anonymous_12)
FN:235,(anonymous_13)
FNF:13
FNH:9
FNDA:4,ProfessionalsPage
FNDA:40,(anonymous_2)
FNDA:59680,(anonymous_3)
FNDA:59680,(anonymous_4)
FNDA:40,(anonymous_5)
FNDA:40,(anonymous_6)
FNDA:40,(anonymous_7)
FNDA:40,(anonymous_8)
FNDA:0,(anonymous_9)
FNDA:44,(anonymous_10)
FNDA:0,(anonymous_11)
FNDA:0,(anonymous_12)
FNDA:0,(anonymous_13)
DA:3,1
DA:4,1
DA:5,1
DA:7,4
DA:8,4
DA:10,40
DA:12,59680
DA:14,59680
DA:15,59680
DA:16,59680
DA:49,40
DA:55,40
DA:61,40
DA:72,40
DA:74,0
DA:102,44
DA:153,0
DA:213,0
DA:236,0
LF:19
LH:15
BRDA:17,0,0,59680
BRDA:17,0,1,5968
BRDA:17,0,2,316
BRDA:17,0,3,204
BRDA:76,1,0,0
BRDA:76,1,1,40
BRDA:95,2,0,40
BRDA:130,3,0,0
BRDA:161,4,0,0
BRDA:215,5,0,0
BRDA:215,5,1,0
BRDA:216,6,0,0
BRDA:216,6,1,0
BRDA:217,7,0,0
BRDA:217,7,1,0
BRDA:218,8,0,0
BRDA:218,8,1,0
BRDA:219,9,0,0
BRDA:219,9,1,0
BRDA:220,10,0,0
BRDA:220,10,1,0
BRDA:221,11,0,0
BRDA:221,11,1,0
BRF:23
BRH:6
end_of_record
TN:
SF:app\[locale]\reports\page.tsx
FN:6,ReportsPage
FN:8,(anonymous_2)
FN:9,(anonymous_3)
FN:12,(anonymous_4)
FN:19,(anonymous_5)
FN:72,(anonymous_6)
FN:87,(anonymous_7)
FN:103,(anonymous_8)
FN:105,(anonymous_9)
FN:106,(anonymous_10)
FN:133,(anonymous_11)
FN:134,(anonymous_12)
FN:170,(anonymous_13)
FNF:13
FNH:13
FNDA:5,ReportsPage
FNDA:7745,(anonymous_2)
FNDA:5940,(anonymous_3)
FNDA:7745,(anonymous_4)
FNDA:330,(anonymous_5)
FNDA:7745,(anonymous_6)
FNDA:7745,(anonymous_7)
FNDA:25,(anonymous_8)
FNDA:38725,(anonymous_9)
FNDA:3460,(anonymous_10)
FNDA:25,(anonymous_11)
FNDA:38725,(anonymous_12)
FNDA:30,(anonymous_13)
DA:3,1
DA:4,1
DA:6,5
DA:7,5
DA:8,7745
DA:9,5940
DA:11,5
DA:13,7745
DA:14,7745
DA:15,7745
DA:19,330
DA:72,7745
DA:87,7745
DA:104,25
DA:105,38725
DA:106,3460
DA:107,25
DA:109,25
DA:134,38725
DA:135,25
DA:171,30
DA:172,30
LF:22
LH:22
BRDA:15,0,0,7745
BRDA:15,0,1,5940
BRDA:15,0,2,330
BRDA:105,1,0,38725
BRDA:105,1,1,4560
BRF:5
BRH:5
end_of_record
TN:
SF:app\[locale]\telemedicine\page.tsx
FN:5,TelemedicinePage
FNF:1
FNH:0
FNDA:0,TelemedicinePage
DA:3,0
DA:5,0
LF:2
LH:0
BRF:0
BRH:0
end_of_record
TN:
SF:app\[locale]\vaccination\page.tsx
FN:5,VaccinationPage
FN:48,(anonymous_2)
FNF:2
FNH:0
FNDA:0,VaccinationPage
FNDA:0,(anonymous_2)
DA:3,0
DA:5,0
DA:49,0
LF:3
LH:0
BRF:0
BRH:0
end_of_record
TN:
SF:components\LanguageSwitcher.tsx
FN:13,LanguageSwitcher
FN:18,(anonymous_2)
FN:20,(anonymous_3)
FN:31,(anonymous_4)
FN:42,(anonymous_5)
FN:45,(anonymous_6)
FN:48,(anonymous_7)
FNF:7
FNH:6
FNDA:18,LanguageSwitcher
FNDA:21,(anonymous_2)
FNDA:1,(anonymous_3)
FNDA:2,(anonymous_4)
FNDA:0,(anonymous_5)
FNDA:6,(anonymous_6)
FNDA:1,(anonymous_7)
DA:3,2
DA:4,2
DA:5,2
DA:7,2
DA:13,15
DA:14,18
DA:15,18
DA:16,18
DA:18,21
DA:20,18
DA:22,1
DA:24,1
DA:25,1
DA:31,2
DA:42,0
DA:46,6
DA:48,1
LF:17
LH:16
BRDA:18,0,0,18
BRDA:18,0,1,0
BRDA:38,1,0,18
BRDA:50,2,0,2
BRDA:50,2,1,4
BRDA:54,3,0,2
BRDA:54,3,1,4
BRDA:56,4,0,2
BRDA:56,4,1,4
BRDA:61,5,0,6
BRF:10
BRH:9
end_of_record
TN:
SF:components\ThemeSwitcher.tsx
FN:7,ThemeSwitcher
FN:11,(anonymous_2)
FN:24,(anonymous_3)
FN:35,(anonymous_4)
FN:46,(anonymous_5)
FNF:5
FNH:5
FNDA:18,ThemeSwitcher
FNDA:9,(anonymous_2)
FNDA:1,(anonymous_3)
FNDA:1,(anonymous_4)
FNDA:1,(anonymous_5)
DA:3,2
DA:4,2
DA:5,2
DA:7,9
DA:8,18
DA:9,18
DA:11,18
DA:12,9
DA:15,18
DA:24,1
DA:35,1
DA:46,1
LF:12
LH:12
BRDA:15,0,0,9
BRDA:15,0,1,9
BRDA:26,1,0,9
BRDA:26,1,1,0
BRDA:37,2,0,0
BRDA:37,2,1,9
BRDA:48,3,0,0
BRDA:48,3,1,9
BRF:8
BRH:5
end_of_record
TN:
SF:components\layout\Sidebar.tsx
FN:22,Sidebar
FN:59,(anonymous_3)
FNF:2
FNH:2
FNDA:4,Sidebar
FNDA:48,(anonymous_3)
DA:3,1
DA:4,1
DA:18,1
DA:19,1
DA:20,1
DA:22,4
DA:23,4
DA:24,4
DA:25,4
DA:26,4
DA:28,4
DA:60,48
DA:61,48
DA:63,48
LF:14
LH:14
BRDA:68,0,0,0
BRDA:68,0,1,48
BRF:2
BRH:1
end_of_record
TN:
SF:components\layout\TopBar.tsx
FN:9,TopBar
FN:15,(anonymous_2)
FN:16,(anonymous_3)
FN:18,(anonymous_4)
FN:22,(anonymous_5)
FN:25,(anonymous_6)
FN:34,(anonymous_7)
FNF:7
FNH:6
FNDA:10,TopBar
FNDA:5,(anonymous_2)
FNDA:20,(anonymous_3)
FNDA:0,(anonymous_4)
FNDA:5,(anonymous_5)
FNDA:10,(anonymous_6)
FNDA:10,(anonymous_7)
DA:3,1
DA:4,1
DA:5,1
DA:6,1
DA:7,1
DA:9,5
DA:10,10
DA:11,10
DA:12,10
DA:13,10
DA:15,10
DA:16,20
DA:18,5
DA:19,0
DA:22,5
DA:25,10
DA:26,10
DA:34,10
DA:35,10
LF:19
LH:18
BRDA:72,0,0,10
BRF:1
BRH:1
end_of_record
TN:
SF:lib\mockData.ts
FN:4,(anonymous_6)
FN:6,(anonymous_7)
FN:12,(anonymous_8)
FN:69,(anonymous_9)
FN:70,(anonymous_10)
FN:75,(anonymous_11)
FN:82,(anonymous_12)
FN:309,(anonymous_13)
FN:372,(anonymous_14)
FNF:9
FNH:9
FNDA:13385,(anonymous_6)
FNDA:1711,(anonymous_7)
FNDA:54,(anonymous_8)
FNDA:900,(anonymous_9)
FNDA:8100,(anonymous_10)
FNDA:2700,(anonymous_11)
FNDA:900,(anonymous_12)
FNDA:900,(anonymous_13)
FNDA:90,(anonymous_14)
DA:4,13385
DA:6,9
DA:7,1711
DA:8,1711
DA:9,1711
DA:12,9
DA:13,54
DA:14,54
DA:15,54
DA:19,9
DA:32,9
DA:39,9
DA:52,9
DA:57,9
DA:63,9
DA:69,9
DA:70,8100
DA:71,900
DA:75,9
DA:76,2700
DA:77,2700
DA:78,2700
DA:82,9
DA:83,900
DA:87,10670
DA:309,10642
DA:310,900
DA:311,900
DA:312,900
DA:313,900
DA:315,900
DA:365,473
DA:368,9
DA:369,9
DA:372,9
DA:373,90
DA:374,90
DA:375,458
DA:376,458
DA:377,458
DA:378,458
DA:379,458
DA:380,458
DA:382,458
DA:403,9
DA:404,270
DA:405,270
DA:407,270
DA:408,3273
DA:409,3273
DA:410,3273
DA:411,3273
DA:412,3273
DA:413,3273
DA:414,3273
DA:416,3273
DA:437,9
DA:438,810
DA:439,810
DA:441,810
DA:442,9654
DA:443,9654
DA:444,9654
DA:445,9654
DA:446,9654
DA:447,9654
DA:448,9654
DA:450,9654
DA:472,12
DA:512,15
LF:70
LH:70
BRDA:328,0,0,473
BRDA:328,0,1,427
BRDA:339,1,0,611
BRDA:339,1,1,289
BRDA:345,2,0,288
BRDA:345,2,1,612
BRDA:346,3,0,345
BRDA:346,3,1,555
BRDA:347,4,0,446
BRDA:347,4,1,454
BRDA:351,5,0,446
BRDA:351,5,1,454
BRDA:352,6,0,445
BRDA:352,6,1,455
BRDA:357,7,0,631
BRDA:357,7,1,269
BRDA:360,8,0,172
BRDA:360,8,1,728
BRDA:393,9,0,458
BRDA:393,9,1,0
BRDA:427,10,0,3273
BRDA:427,10,1,0
BRDA:459,11,0,6714
BRDA:459,11,1,2940
BRDA:461,12,0,9654
BRDA:461,12,1,0
BRDA:515,13,0,9
BRDA:515,13,1,0
BRDA:526,14,0,9
BRDA:526,14,1,0
BRF:30
BRH:25
end_of_record
